
 <<<+-  parallelization init  -+>>>

 Open MPI v4.1.6, package: Debian OpenMPI, ident: 4.1.6, repo rev: v4.1.6, Sep 30, 2023
 MPI standard: 3.1
 OpenMP version: 201511

 MPI processes: 1
 Could not get $OMP_NUM_THREADS, using default
 OMP_NUM_THREADS: 4

 <<<+-  CLI init  -+>>>

     _/_/_/      _/_/    _/      _/    _/_/      _/_/_/  _/    _/    _/_/_/
    _/    _/  _/    _/  _/_/  _/_/  _/    _/  _/        _/  _/            _/
   _/    _/  _/_/_/_/  _/  _/  _/  _/_/_/_/    _/_/    _/_/          _/_/
  _/    _/  _/    _/  _/      _/  _/    _/        _/  _/  _/            _/
 _/_/_/    _/    _/  _/      _/  _/    _/  _/_/_/    _/    _/    _/_/_/
 Grid solver

 F. Roters et al., Computational Materials Science 158:420–478, 2019
 https://doi.org/10.1016/j.commatsci.2018.04.030

 S. Balay et al., PETSc/TAO User Manual Revision 3.19
 https://doi.org/10.2172/1968587

 Version: v3.0.1

 Compiled with: GCC version 13.3.0
 Compiled on: Linux-6.8.0-51-generic
 Compiler options: -cpp -I /usr/lib/petscdir/petsc3.19/x86_64-linux-gnu-real/include -I /usr/include/hypre -I /usr/include/suitesparse -I /usr/include/superlu -I /usr/include/superlu-dist -I /usr/include/trilinos -I /usr/include/scotch -I /usr/include/hdf5/openmpi -I /usr/include/hdf5/serial -I /usr/include -I /usr/lib/x86_64-linux-gnu/openmpi/lib/../../fortran/gfortran-mod-15/openmpi -I /usr/lib/x86_64-linux-gnu/openmpi/lib -imultiarch x86_64-linux-gnu -D_REENTRANT -D CMAKE_SYSTEM="Linux-6.8.0-51-generic" -D DAMASKVERSION="v3.0.1" -D FYAML -D GRID -D PETSC --param=l1-cache-size=32 --param=l1-cache-line-size=64 --param=l2-cache-size=512 -mtune=znver2 -mno-omit-leaf-frame-pointer -march=x86-64 -g -O2 -O2 -Wall -Wextra -Wcharacter-truncation -Wunderflow -Wsuggest-attribute=pure -Wsuggest-attribute=noreturn -Wconversion-extra -Wunused-parameter -std=f2018 -fno-omit-frame-pointer -ffile-prefix-map=/build/damask-XEckOy/damask-3.0.1=. -flto=auto -ffat-lto-objects -fstack-protector-strong -fstack-clash-protection -fcf-protection=full -fdebug-prefix-map=/build/damask-XEckOy/damask-3.0.1=/usr/src/damask-3.0.1-6~noble -fopenmp -fPIE -ffree-line-length-none -fimplicit-none -fallow-argument-mismatch -ffpe-summary=all -fpre-include=/usr/include/finclude/x86_64-linux-gnu/math-vector-fortran.h

 Compiled on: Jan 14 2025 at 07:40:31

 PETSc version: 3.19.6

 Date: 14/11/2025
 Time: 23:07:44

 Host name: UT170340
 User name: vincent

 Command line call:      DAMASK_grid --geom /home/vincent/local_Homogenization_for_Damask/projects/template_yield_surface_postprocessing_only/input_files/Polycrystal_25_5x5x5.vti --load /home/vincent/local_Homogenization_for_Damask/projects/template_yield_surface_postprocessing_only/damask_files/yield_surface/tensile_x_y_q0_1/LOADCASE.yaml --material /home/vincent/local_Homogenization_for_Damask/projects/template_yield_surface_postprocessing_only/input_files/titanium_assigned.yaml --numerics /home/vincent/local_Homogenization_for_Damask/projects/template_yield_surface_postprocessing_only/damask_files/yield_surface/tensile_x_y_q0_1/NUMERICS.yaml --jobname template_yield_surface_postprocessing_only --workingdirectory /home/vincent/local_Homogenization_for_Damask/projects/template_yield_surface_postprocessing_only/damask_files/yield_surface/tensile_x_y_q0_1

 Working directory:      /home/vincent/local_Homogenization_for_Damask/projects/template_yield_surface_postprocessing_only/damask_files/yield_surface/tensile_x_y_q0_1
 Geometry:               ../../../input_files/Polycrystal_25_5x5x5.vti <-- /home/vincent/local_Homogenization_for_Damask/projects/template_yield_surface_postprocessing_only/input_files/Polycrystal_25_5x5x5.vti
 Load case:              LOADCASE.yaml <-- /home/vincent/local_Homogenization_for_Damask/projects/template_yield_surface_postprocessing_only/damask_files/yield_surface/tensile_x_y_q0_1/LOADCASE.yaml
 Material config:        ../../../input_files/titanium_assigned.yaml <-- /home/vincent/local_Homogenization_for_Damask/projects/template_yield_surface_postprocessing_only/input_files/titanium_assigned.yaml
 Numerics config:        NUMERICS.yaml <-- /home/vincent/local_Homogenization_for_Damask/projects/template_yield_surface_postprocessing_only/damask_files/yield_surface/tensile_x_y_q0_1/NUMERICS.yaml
 Solver job name:        template_yield_surface_postprocessing_only

 <<<+-  system_routines init  -+>>>

 <<<+-  prec init  -+>>>

 integer size / bit:   32
   maximum value:              2147483647

 real size / bit:      64
   maximum value:      0.180+309
   minimum value:      0.223-307
   epsilon value:      0.222E-15
   decimal precision:  15

 <<<+-  misc init  -+>>>

 <<<+-  IO init  -+>>>

 <<<+-  base64 init  -+>>>

 <<<+-  types init  -+>>>

 <<<+-  YAML init  -+>>>

 libfyaml powered

 <<<+-  HDF5_utilities init  -+>>>

 <<<+-  result init  -+>>>

 M. Diehl et al., Integrating Materials and Manufacturing Innovation 6(1):83–91, 2017
 https://doi.org/10.1007/s40192-017-0084-5

 <<<+-  config init  -+>>>

 reading material configuration

 reading numerics configuration

 <<<+-  math init  -+>>>

 size  of random seed:      8
 value of random seed:       1618689602   467299289    24350337  1027824142   360528698  -902366611   514508684 -1252849374
 start of random sequence: 
                           0.08005916348409
                           0.86724403102403
                           0.12487860293818
                           0.42228769155827

 <<<+-  rotations init  -+>>>

 D. Rowenhorst et al., Modelling and Simulation in Materials Science and Engineering 23:083501, 2015
 https://doi.org/10.1088/0965-0393/23/8/083501

 <<<+-  polynomials init  -+>>>

 <<<+-  tables init  -+>>>

 <<<+-  crystal init  -+>>>

 <<<+-  discretization_grid init  -+>>>

 cells:  5 × 5 × 5
 size:   1.00E-05 × 1.00E-05 × 1.00E-05 m³
 origin:  0.00E+00  0.00E+00  0.00E+00 m

 <<<+-  discretization init  -+>>>

 <<<+-  material init  -+>>>

 parsed material.yaml

 <<<+-  phase init  -+>>>

 phase 1: A

 references:
   - https://www.totalmateria.com/page.aspx?ID=CheckArticle&site=ktn&NM=221
   - https://en.wikipedia.org/wiki/Titanium

 <<<+-  phase:mechanical init  -+>>>

 <<<+-  phase:mechanical:elastic init  -+>>>

 <<<+-  phase:mechanical:elastic:Hooke init  -+>>>

 # phases: 1

 phase 1: A

 references:
   - E.S. Fisher and C.J. Renken, Physical Review 135(2A):A482-A494, 1964,
     https://doi.org/10.1103/PhysRev.135.A482, fit to Tab. IV (T_min=77K, 
     T_max=923K) 

 <<<+-  phase:mechanical:plasticity init  -+>>>

 <<<+-  phase:mechanical:plastic:phenopowerlaw init  -+>>>

 # phases: 1

 phase 1: A

 references:
   - C. Zambaldi et al., Journal of Materials Research 27(1):356-367, 2021,
     https://doi.org/10.1557/jmr.2011.334 
   - L. Wang et al., Acta Materialia 132:598-610, 2017,
     https://doi.org/10.1016/j.actamat.2017.05.015 

 <<<+-  phase:mechanical:eigen init  -+>>>

 <<<+-  phase:damage init  -+>>>

 <<<+-  phase:thermal init  -+>>>

 <<<+-  homogenization init  -+>>>

 <<<+-  homogenization:mechanical init  -+>>>

 <<<+-  homogenization:mechanical:pass init  -+>>>

 # homogenizations: 1

 <<<+-  homogenization:thermal init  -+>>>

 <<<+-  homogenization:damage init  -+>>>

 <<<+-  homogenization:damage:pass init  -+>>>

 <<<+-  materialpoint init  -+>>>

 deallocating material configuration

 <<<+-  DAMASK_grid init  -+>>>

 P. Shanthraj et al., Handbook of Mechanics of Materials, 2019
 https://doi.org/10.1007/978-981-10-6855-3_80

 <<<+-  spectral_utilities init  -+>>>

 M. Diehl, Diploma Thesis TU München, 2010
 https://doi.org/10.13140/2.1.3234.3840

 P. Eisenlohr et al., International Journal of Plasticity 46:37–53, 2013
 https://doi.org/10.1016/j.ijplas.2012.09.012

 P. Shanthraj et al., International Journal of Plasticity 66:31–45, 2015
 https://doi.org/10.1016/j.ijplas.2014.02.006

 P. Shanthraj et al., Handbook of Mechanics of Materials, 2019
 https://doi.org/10.1007/978-981-10-6855-3_80

 M. Frigo and S.G. Johnson, Proceedings of the IEEE 93(2):216–231, 2005
 https://doi.org/10.1109/jproc.2004.840301

 FFTW initialized

 <<<+-  grid_mechanical_spectral_basic init  -+>>>

 P. Eisenlohr et al., International Journal of Plasticity 46:37–53, 2013
 https://doi.org/10.1016/j.ijplas.2012.09.012

 P. Shanthraj et al., International Journal of Plasticity 66:31–45, 2015
 https://doi.org/10.1016/j.ijplas.2014.02.006

 ... evaluating constitutive response ......................................

 Piola--Kirchhoff stress       / MPa =
        0.0000         0.0000         0.0000
        0.0000         0.0000        -0.0000
        0.0000        -0.0000         0.0000

 deallocating numerics configuration

 ... saving initial configuration ..........................................

 load case: 1
  estimate_rate: F
  F:
       x             x             x      
     0.0000000       x             x      
     0.0000000     0.0000000       x      
  P / MPa:
      530.3301        0.0000        0.0000
       x            530.3301        0.0000
       x             x              0.0000
  r: 1 (constant step width)
  t: 1000.000
  N: 15
  f_out: 1
  f_restart: 1

 ###########################################################################
 Time  6.66667E+01s: Increment 1/15-1/1 of load case 1/1
 Increment 1/15-1/1 @ Iteration 1≤0≤100

 deformation gradient aim       =
   1.0000000    0.0000000    0.0000000
   0.0000000    1.0000000    0.0000000
   0.0000000    0.0000000    1.0000000

 ... evaluating constitutive response ......................................

 Piola--Kirchhoff stress       / MPa =
       -0.0000         0.0000         0.0000
        0.0000        -0.0000        -0.0000
        0.0000        -0.0000        -0.0000

 ... doing gamma convolution ...............................................

 ... reporting .............................................................

 error divergence =         1.24 (1.24E-04 / m, tol =  1.00E-04)
 error stress BC  =     35355.34 (3.54E+07 Pa,  tol =  1.00E+03)

 ===========================================================================
 Increment 1/15-1/1 @ Iteration 1≤1≤100

 deformation gradient aim       =
   1.0002025    0.0000013    0.0000024
   0.0000000    1.0002011   -0.0000032
   0.0000000    0.0000000    0.9998157

 ... evaluating constitutive response ......................................

 Piola--Kirchhoff stress       / MPa =
       35.3688         0.0001         0.0000
        0.0000        35.3687        -0.0000
        0.0000        -0.0000         0.0060

 ... doing gamma convolution ...............................................

 ... evaluating constitutive response ......................................

 Piola--Kirchhoff stress       / MPa =
       34.3625         0.0001         0.0000
        0.0000        34.3624        -0.0000
        0.0000        -0.0000         0.0056

 ... doing gamma convolution ...............................................

 ... reporting .............................................................

 error divergence =       392.92 (6.75E+06 / m, tol =  1.72E+04)
 error stress BC  =        28.90 (9.93E+05 Pa,  tol =  3.44E+04)

 ===========================================================================
 Increment 1/15-1/1 @ Iteration 1≤2≤100

 deformation gradient aim       =
   1.0002081    0.0000013    0.0000025
   0.0000000    1.0002067   -0.0000033
   0.0000000    0.0000000    0.9998105

 ... evaluating constitutive response ......................................

 Piola--Kirchhoff stress       / MPa =
       35.1055         0.0431         0.0465
        0.0430        35.1925         0.0172
        0.0465         0.0172         0.3717

 ... doing gamma convolution ...............................................

 ... evaluating constitutive response ......................................

 Piola--Kirchhoff stress       / MPa =
       35.5816         0.0424         0.0458
        0.0424        35.6673         0.0170
        0.0458         0.0170         0.3663

 ... doing gamma convolution ...............................................

 ... reporting .............................................................

 error divergence =        54.28 (9.68E+05 / m, tol =  1.78E+04)
 error stress BC  =        10.27 (3.66E+05 Pa,  tol =  3.57E+04)

 ===========================================================================
 Increment 1/15-1/1 @ Iteration 1≤3≤100

 deformation gradient aim       =
   1.0002107   -0.0000007    0.0000005
   0.0000000    1.0002072   -0.0000041
   0.0000000    0.0000000    0.9998047

 ... evaluating constitutive response ......................................

 Piola--Kirchhoff stress       / MPa =
       35.3579         0.0016         0.0011
        0.0016        35.3449         0.0014
        0.0011         0.0014         0.0147

 ... doing gamma convolution ...............................................

 ... evaluating constitutive response ......................................

 Piola--Kirchhoff stress       / MPa =
       35.3837         0.0035         0.0032
        0.0035        35.3749         0.0021
        0.0032         0.0021         0.0307

 ... doing gamma convolution ...............................................

 ... reporting .............................................................

 error divergence =         7.96 (1.41E+05 / m, tol =  1.77E+04)
 error stress BC  =         0.87 (3.07E+04 Pa,  tol =  3.54E+04)

 ===========================================================================
 Increment 1/15-1/1 @ Iteration 1≤4≤100

 deformation gradient aim       =
   1.0002106   -0.0000008    0.0000004
   0.0000000    1.0002073   -0.0000042
   0.0000000    0.0000000    0.9998044

 ... evaluating constitutive response ......................................

 Piola--Kirchhoff stress       / MPa =
       35.3546         0.0006         0.0007
        0.0006        35.3563        -0.0005
        0.0007        -0.0005        -0.0003

 ... doing gamma convolution ...............................................

 ... evaluating constitutive response ......................................

 Piola--Kirchhoff stress       / MPa =
       35.3516         0.0001         0.0001
        0.0001        35.3518        -0.0007
        0.0001        -0.0007        -0.0046

 ... doing gamma convolution ...............................................

 ... reporting .............................................................

 error divergence =         1.05 (1.86E+04 / m, tol =  1.77E+04)
 error stress BC  =         0.13 (4.56E+03 Pa,  tol =  3.54E+04)

 ===========================================================================
 Increment 1/15-1/1 @ Iteration 1≤5≤100

 deformation gradient aim       =
   1.0002106   -0.0000008    0.0000004
   0.0000000    1.0002073   -0.0000042
   0.0000000    0.0000000    0.9998044

 ... evaluating constitutive response ......................................

 Piola--Kirchhoff stress       / MPa =
       35.3554         0.0000         0.0002
        0.0000        35.3553        -0.0001
        0.0002        -0.0001        -0.0000

 ... doing gamma convolution ...............................................

 ... evaluating constitutive response ......................................

 Piola--Kirchhoff stress       / MPa =
       35.3548        -0.0000         0.0001
       -0.0000        35.3548        -0.0001
        0.0001        -0.0001        -0.0007

 ... doing gamma convolution ...............................................

 ... reporting .............................................................

 error divergence =         0.15 (2.58E+03 / m, tol =  1.77E+04)
 error stress BC  =         0.02 (6.73E+02 Pa,  tol =  3.54E+04)

 ===========================================================================

 increment 1 converged

 ... saving results ........................................................
 saving solver data required for restart
 saving field and constitutive data required for restart

 ###########################################################################
 Time  1.33333E+02s: Increment 2/15-1/1 of load case 1/1
 Increment 2/15-1/1 @ Iteration 1≤0≤100

 deformation gradient aim       =
   1.0004212   -0.0000016    0.0000007
   0.0000000    1.0004147   -0.0000083
   0.0000000    0.0000000    0.9996088

 ... evaluating constitutive response ......................................

 Piola--Kirchhoff stress       / MPa =
       72.2215        -0.0915        -0.0978
       -0.0914        72.0686        -0.0364
       -0.0977        -0.0363        -0.7745

 ... doing gamma convolution ...............................................

 ... reporting .............................................................

 error divergence =        11.97 (4.32E+05 / m, tol =  3.61E+04)
 error stress BC  =        20.92 (1.51E+06 Pa,  tol =  7.22E+04)

 ===========================================================================
 Increment 2/15-1/1 @ Iteration 1≤1≤100

 deformation gradient aim       =
   1.0004101    0.0000005    0.0000027
   0.0000000    1.0004055   -0.0000073
   0.0000000    0.0000000    0.9996228

 ... evaluating constitutive response ......................................

 Piola--Kirchhoff stress       / MPa =
       70.6921         0.0045         0.0046
        0.0044        70.7001         0.0017
        0.0046         0.0017         0.0229

 ... doing gamma convolution ...............................................

 ... evaluating constitutive response ......................................

 Piola--Kirchhoff stress       / MPa =
       70.8074        -0.0028        -0.0031
       -0.0028        70.8032        -0.0012
       -0.0031        -0.0012        -0.0372

 ... doing gamma convolution ...............................................

 ... reporting .............................................................

 error divergence =        11.03 (3.90E+05 / m, tol =  3.54E+04)
 error stress BC  =         1.37 (9.67E+04 Pa,  tol =  7.08E+04)

 ===========================================================================
 Increment 2/15-1/1 @ Iteration 1≤2≤100

 deformation gradient aim       =
   1.0004096    0.0000004    0.0000027
   0.0000000    1.0004049   -0.0000074
   0.0000000    0.0000000    0.9996233

 ... evaluating constitutive response ......................................

 Piola--Kirchhoff stress       / MPa =
       70.7265        -0.0039        -0.0041
       -0.0039        70.7186        -0.0015
       -0.0041        -0.0015        -0.0213

 ... doing gamma convolution ...............................................

 ... evaluating constitutive response ......................................

 Piola--Kirchhoff stress       / MPa =
       70.7062        -0.0026        -0.0027
       -0.0026        70.7005        -0.0010
       -0.0027        -0.0010        -0.0107

 ... doing gamma convolution ...............................................

 ... reporting .............................................................

 error divergence =         1.73 (6.11E+04 / m, tol =  3.54E+04)
 error stress BC  =         0.15 (1.07E+04 Pa,  tol =  7.07E+04)

 ===========================================================================
 Increment 2/15-1/1 @ Iteration 1≤3≤100

 deformation gradient aim       =
   1.0004094    0.0000006    0.0000029
   0.0000000    1.0004049   -0.0000073
   0.0000000    0.0000000    0.9996236

 ... evaluating constitutive response ......................................

 Piola--Kirchhoff stress       / MPa =
       70.7108        -0.0002        -0.0002
       -0.0002        70.7115        -0.0001
       -0.0002        -0.0001        -0.0013

 ... doing gamma convolution ...............................................

 ... evaluating constitutive response ......................................

 Piola--Kirchhoff stress       / MPa =
       70.7093        -0.0003        -0.0003
       -0.0003        70.7097        -0.0002
       -0.0003        -0.0002        -0.0013

 ... doing gamma convolution ...............................................

 ... reporting .............................................................

 error divergence =         0.24 (8.58E+03 / m, tol =  3.54E+04)
 error stress BC  =         0.02 (1.43E+03 Pa,  tol =  7.07E+04)

 ===========================================================================

 increment 2 converged

 ... saving results ........................................................
 saving solver data required for restart
 saving field and constitutive data required for restart

 ###########################################################################
 Time  2.00000E+02s: Increment 3/15-1/1 of load case 1/1
 Increment 3/15-1/1 @ Iteration 1≤0≤100

 deformation gradient aim       =
   1.0006082    0.0000020    0.0000054
   0.0000000    1.0006025   -0.0000104
   0.0000000    0.0000000    0.9994428

 ... evaluating constitutive response ......................................

 Piola--Kirchhoff stress       / MPa =
      105.1727         0.0565         0.0604
        0.0563       105.2664         0.0226
        0.0603         0.0225         0.5002

 ... doing gamma convolution ...............................................

 ... reporting .............................................................

 error divergence =         5.24 (2.76E+05 / m, tol =  5.26E+04)
 error stress BC  =         8.49 (8.93E+05 Pa,  tol =  1.05E+05)

 ===========================================================================
 Increment 3/15-1/1 @ Iteration 1≤1≤100

 deformation gradient aim       =
   1.0006149    0.0000007    0.0000041
   0.0000000    1.0006080   -0.0000110
   0.0000000    0.0000000    0.9994342

 ... evaluating constitutive response ......................................

 Piola--Kirchhoff stress       / MPa =
      106.0779        -0.0029        -0.0030
       -0.0030       106.0727        -0.0010
       -0.0030        -0.0010        -0.0150

 ... doing gamma convolution ...............................................

 ... evaluating constitutive response ......................................

 Piola--Kirchhoff stress       / MPa =
      106.0076         0.0017         0.0019
        0.0016       106.0101         0.0008
        0.0019         0.0008         0.0250

 ... doing gamma convolution ...............................................

 ... reporting .............................................................

 error divergence =         4.45 (2.36E+05 / m, tol =  5.30E+04)
 error stress BC  =         0.55 (5.84E+04 Pa,  tol =  1.06E+05)

 ===========================================================================
 Increment 3/15-1/1 @ Iteration 1≤2≤100

 deformation gradient aim       =
   1.0006152    0.0000007    0.0000042
   0.0000000    1.0006083   -0.0000110
   0.0000000    0.0000000    0.9994339

 ... evaluating constitutive response ......................................

 Piola--Kirchhoff stress       / MPa =
      106.0565         0.0024         0.0025
        0.0023       106.0613         0.0009
        0.0025         0.0009         0.0128

 ... doing gamma convolution ...............................................

 ... evaluating constitutive response ......................................

 Piola--Kirchhoff stress       / MPa =
      106.0682         0.0016         0.0016
        0.0015       106.0717         0.0006
        0.0016         0.0006         0.0061

 ... doing gamma convolution ...............................................

 ... reporting .............................................................

 error divergence =         0.70 (3.70E+04 / m, tol =  5.30E+04)
 error stress BC  =         0.06 (6.10E+03 Pa,  tol =  1.06E+05)

 ===========================================================================

 increment 3 converged

 ... saving results ........................................................
 saving solver data required for restart
 saving field and constitutive data required for restart

 ###########################################################################
 Time  2.66667E+02s: Increment 4/15-1/1 of load case 1/1
 Increment 4/15-1/1 @ Iteration 1≤0≤100

 deformation gradient aim       =
   1.0008212    0.0000007    0.0000053
   0.0000000    1.0008118   -0.0000148
   0.0000000    0.0000000    0.9992438

 ... evaluating constitutive response ......................................

 Piola--Kirchhoff stress       / MPa =
      141.6500        -0.0114        -0.0124
       -0.0115       141.6296        -0.0050
       -0.0123        -0.0050        -0.0947

 ... doing gamma convolution ...............................................

 ... reporting .............................................................

 error divergence =         1.49 (1.05E+05 / m, tol =  7.08E+04)
 error stress BC  =         1.61 (2.29E+05 Pa,  tol =  1.42E+05)

 ===========================================================================
 Increment 4/15-1/1 @ Iteration 1≤1≤100

 deformation gradient aim       =
   1.0008196    0.0000009    0.0000055
   0.0000000    1.0008104   -0.0000147
   0.0000000    0.0000000    0.9992457

 ... evaluating constitutive response ......................................

 Piola--Kirchhoff stress       / MPa =
      141.4188         0.0009         0.0009
        0.0007       141.4191         0.0004
        0.0009         0.0004         0.0045

 ... doing gamma convolution ...............................................

 ... evaluating constitutive response ......................................

 Piola--Kirchhoff stress       / MPa =
      141.4341         0.0000        -0.0000
       -0.0001       141.4331        -0.0000
       -0.0000        -0.0000        -0.0021

 ... doing gamma convolution ...............................................

 ... reporting .............................................................

 error divergence =         0.71 (5.00E+04 / m, tol =  7.07E+04)
 error stress BC  =         0.09 (1.28E+04 Pa,  tol =  1.41E+05)

 ===========================================================================

 increment 4 converged

 ... saving results ........................................................
 saving solver data required for restart
 saving field and constitutive data required for restart

 ###########################################################################
 Time  3.33333E+02s: Increment 5/15-1/1 of load case 1/1
 Increment 5/15-1/1 @ Iteration 1≤0≤100

 deformation gradient aim       =
   1.0010238    0.0000012    0.0000069
   0.0000000    1.0010124   -0.0000183
   0.0000000    0.0000000    0.9990578

 ... evaluating constitutive response ......................................

 Piola--Kirchhoff stress       / MPa =
      176.7235         0.0029         0.0033
        0.0027       176.7309         0.0013
        0.0033         0.0013         0.0465

 ... doing gamma convolution ...............................................

 ... reporting .............................................................

 error divergence =         1.66 (1.47E+05 / m, tol =  8.84E+04)
 error stress BC  =         0.30 (5.32E+04 Pa,  tol =  1.77E+05)

 ===========================================================================
 Increment 5/15-1/1 @ Iteration 1≤1≤100

 deformation gradient aim       =
   1.0010243    0.0000011    0.0000069
   0.0000000    1.0010127   -0.0000184
   0.0000000    0.0000000    0.9990572

 ... evaluating constitutive response ......................................

 Piola--Kirchhoff stress       / MPa =
      176.7821        -0.0014        -0.0014
       -0.0016       176.7799        -0.0007
       -0.0014        -0.0007        -0.0079

 ... doing gamma convolution ...............................................

 ... evaluating constitutive response ......................................

 Piola--Kirchhoff stress       / MPa =
      176.7745        -0.0008        -0.0008
       -0.0010       176.7736        -0.0004
       -0.0008        -0.0004        -0.0009

 ... doing gamma convolution ...............................................

 ... reporting .............................................................

 error divergence =         0.19 (1.68E+04 / m, tol =  8.84E+04)
 error stress BC  =         0.02 (3.10E+03 Pa,  tol =  1.77E+05)

 ===========================================================================

 increment 5 converged

 ... saving results ........................................................
 saving solver data required for restart
 saving field and constitutive data required for restart

 ###########################################################################
 Time  4.00000E+02s: Increment 6/15-1/1 of load case 1/1
 Increment 6/15-1/1 @ Iteration 1≤0≤100

 deformation gradient aim       =
   1.0012288    0.0000014    0.0000083
   0.0000000    1.0012151   -0.0000220
   0.0000000    0.0000000    0.9988687

 ... evaluating constitutive response ......................................

 Piola--Kirchhoff stress       / MPa =
      212.1702        -0.0007         0.0037
       -0.0010       212.1741         0.0005
        0.0037         0.0005         0.0221

 ... doing gamma convolution ...............................................

 ... reporting .............................................................

 error divergence =         0.90 (9.56E+04 / m, tol =  1.06E+05)
 error stress BC  =         0.20 (4.20E+04 Pa,  tol =  2.12E+05)

 ===========================================================================
 Increment 6/15-1/1 @ Iteration 1≤1≤100

 deformation gradient aim       =
   1.0012287    0.0000015    0.0000082
   0.0000000    1.0012149   -0.0000220
   0.0000000    0.0000000    0.9988688

 ... evaluating constitutive response ......................................

 Piola--Kirchhoff stress       / MPa =
      212.1289         0.0002         0.0006
       -0.0001       212.1308         0.0001
        0.0006         0.0001         0.0036

 ... doing gamma convolution ...............................................

 ... evaluating constitutive response ......................................

 Piola--Kirchhoff stress       / MPa =
      212.1343         0.0001         0.0010
       -0.0002       212.1364         0.0002
        0.0010         0.0002         0.0060

 ... doing gamma convolution ...............................................

 ... reporting .............................................................

 error divergence =         0.12 (1.30E+04 / m, tol =  1.06E+05)
 error stress BC  =         0.03 (5.98E+03 Pa,  tol =  2.12E+05)

 ===========================================================================

 increment 6 converged

 ... saving results ........................................................
 saving solver data required for restart
 saving field and constitutive data required for restart

 ###########################################################################
 Time  4.66667E+02s: Increment 7/15-1/1 of load case 1/1
 Increment 7/15-1/1 @ Iteration 1≤0≤100

 deformation gradient aim       =
   1.0014333    0.0000017    0.0000095
   0.0000000    1.0014170   -0.0000257
   0.0000000    0.0000000    0.9986801

 ... evaluating constitutive response ......................................

 Piola--Kirchhoff stress       / MPa =
      247.4194        -0.0462         0.0274
       -0.0466       247.4428        -0.0046
        0.0273        -0.0046         0.1437

 ... doing gamma convolution ...............................................

 ... reporting .............................................................

 error divergence =         6.88 (8.51E+05 / m, tol =  1.24E+05)
 error stress BC  =         0.58 (1.44E+05 Pa,  tol =  2.47E+05)

 ===========================================================================
 Increment 7/15-1/1 @ Iteration 1≤1≤100

 deformation gradient aim       =
   1.0014341    0.0000028    0.0000089
   0.0000000    1.0014176   -0.0000256
   0.0000000    0.0000000    0.9986786

 ... evaluating constitutive response ......................................

 Piola--Kirchhoff stress       / MPa =
      247.4650        -0.0065         0.0059
       -0.0072       247.4732        -0.0007
        0.0059        -0.0007         0.0351

 ... doing gamma convolution ...............................................

 ... evaluating constitutive response ......................................

 Piola--Kirchhoff stress       / MPa =
      247.4755         0.0024         0.0009
        0.0017       247.4804         0.0000
        0.0009         0.0000         0.0101

 ... doing gamma convolution ...............................................

 ... reporting .............................................................

 error divergence =         0.99 (1.23E+05 / m, tol =  1.24E+05)
 error stress BC  =         0.05 (1.19E+04 Pa,  tol =  2.47E+05)

 ===========================================================================

 increment 7 converged

 ... saving results ........................................................
 saving solver data required for restart
 saving field and constitutive data required for restart

 ###########################################################################
 Time  5.33333E+02s: Increment 8/15-1/1 of load case 1/1
 Increment 8/15-1/1 @ Iteration 1≤0≤100

 deformation gradient aim       =
   1.0016402    0.0000044    0.0000093
   0.0000000    1.0016207   -0.0000291
   0.0000000    0.0000000    0.9984875

 ... evaluating constitutive response ......................................

 Piola--Kirchhoff stress       / MPa =
      282.4071        -0.2075         0.1631
       -0.2088       282.4901         0.0067
        0.1626         0.0066         0.8486

 ... doing gamma convolution ...............................................

 ... reporting .............................................................

 error divergence =        27.61 (3.90E+06 / m, tol =  1.41E+05)
 error stress BC  =         3.00 (8.49E+05 Pa,  tol =  2.82E+05)

 ===========================================================================
 Increment 8/15-1/1 @ Iteration 1≤1≤100

 deformation gradient aim       =
   1.0016452    0.0000093    0.0000056
   0.0000000    1.0016247   -0.0000294
   0.0000000    0.0000000    0.9984782

 ... evaluating constitutive response ......................................

 Piola--Kirchhoff stress       / MPa =
      282.6582        -0.0591         0.0596
       -0.0617       282.7035         0.0054
        0.0595         0.0054         0.3105

 ... doing gamma convolution ...............................................

 ... evaluating constitutive response ......................................

 Piola--Kirchhoff stress       / MPa =
      282.7957         0.0227         0.0027
        0.0193       282.8207         0.0047
        0.0027         0.0047         0.0141

 ... doing gamma convolution ...............................................

 ... reporting .............................................................

 error divergence =         5.32 (7.52E+05 / m, tol =  1.41E+05)
 error stress BC  =         0.17 (4.70E+04 Pa,  tol =  2.83E+05)

 ===========================================================================
 Increment 8/15-1/1 @ Iteration 1≤2≤100

 deformation gradient aim       =
   1.0016476    0.0000102    0.0000043
   0.0000000    1.0016263   -0.0000296
   0.0000000    0.0000000    0.9984744

 ... evaluating constitutive response ......................................

 Piola--Kirchhoff stress       / MPa =
      282.8404        -0.0032         0.0022
       -0.0064       282.8383        -0.0021
        0.0022        -0.0021         0.0091

 ... doing gamma convolution ...............................................

 ... evaluating constitutive response ......................................

 Piola--Kirchhoff stress       / MPa =
      282.8613         0.0019        -0.0039
       -0.0014       282.8542        -0.0032
       -0.0039        -0.0032        -0.0239

 ... doing gamma convolution ...............................................

 ... reporting .............................................................

 error divergence =         1.32 (1.87E+05 / m, tol =  1.41E+05)
 error stress BC  =         0.08 (2.39E+04 Pa,  tol =  2.83E+05)

 ===========================================================================
 Increment 8/15-1/1 @ Iteration 1≤3≤100

 deformation gradient aim       =
   1.0016475    0.0000102    0.0000043
   0.0000000    1.0016262   -0.0000295
   0.0000000    0.0000000    0.9984746

 ... evaluating constitutive response ......................................

 Piola--Kirchhoff stress       / MPa =
      282.8416        -0.0002        -0.0008
       -0.0035       282.8439        -0.0015
       -0.0008        -0.0014        -0.0009

 ... doing gamma convolution ...............................................

 ... evaluating constitutive response ......................................

 Piola--Kirchhoff stress       / MPa =
      282.8417        -0.0023        -0.0003
       -0.0056       282.8432        -0.0017
       -0.0003        -0.0017         0.0028

 ... doing gamma convolution ...............................................

 ... reporting .............................................................

 error divergence =         0.28 (3.99E+04 / m, tol =  1.41E+05)
 error stress BC  =         0.01 (2.77E+03 Pa,  tol =  2.83E+05)

 ===========================================================================

 increment 8 converged

 ... saving results ........................................................
 saving solver data required for restart
 saving field and constitutive data required for restart

 ###########################################################################
 Time  6.00000E+02s: Increment 9/15-1/1 of load case 1/1
 Increment 9/15-1/1 @ Iteration 1≤0≤100

 deformation gradient aim       =
   1.0018606    0.0000177   -0.0000001
   0.0000000    1.0018346   -0.0000333
   0.0000000    0.0000000    0.9982711

 ... evaluating constitutive response ......................................

 Piola--Kirchhoff stress       / MPa =
      317.1487        -0.3575         0.3143
       -0.3630       317.1097         0.0340
        0.3132         0.0339         2.1854

 ... doing gamma convolution ...............................................

 ... reporting .............................................................

 error divergence =        41.23 (6.54E+06 / m, tol =  1.59E+05)
 error stress BC  =         6.89 (2.19E+06 Pa,  tol =  3.17E+05)

 ===========================================================================
 Increment 9/15-1/1 @ Iteration 1≤1≤100

 deformation gradient aim       =
   1.0018730    0.0000269   -0.0000076
   0.0000000    1.0018473   -0.0000344
   0.0000000    0.0000000    0.9982457

 ... evaluating constitutive response ......................................

 Piola--Kirchhoff stress       / MPa =
      317.8284        -0.0783         0.1138
       -0.0868       317.8244         0.0339
        0.1134         0.0338         0.7123

 ... doing gamma convolution ...............................................

 ... evaluating constitutive response ......................................

 Piola--Kirchhoff stress       / MPa =
      318.3091         0.1211        -0.0280
        0.1104       318.3290         0.0353
       -0.0279         0.0352        -0.3308

 ... doing gamma convolution ...............................................

 ... reporting .............................................................

 error divergence =        13.16 (2.09E+06 / m, tol =  1.59E+05)
 error stress BC  =         1.04 (3.31E+05 Pa,  tol =  3.18E+05)

 ===========================================================================
 Increment 9/15-1/1 @ Iteration 1≤2≤100

 deformation gradient aim       =
   1.0018757    0.0000260   -0.0000095
   0.0000000    1.0018497   -0.0000359
   0.0000000    0.0000000    0.9982409

 ... evaluating constitutive response ......................................

 Piola--Kirchhoff stress       / MPa =
      318.1263        -0.0213         0.0304
       -0.0310       318.1402         0.0074
        0.0303         0.0073         0.1287

 ... doing gamma convolution ...............................................

 ... evaluating constitutive response ......................................

 Piola--Kirchhoff stress       / MPa =
      318.1699        -0.0146         0.0184
       -0.0244       318.1861         0.0029
        0.0183         0.0029         0.0447

 ... doing gamma convolution ...............................................

 ... reporting .............................................................

 error divergence =         4.18 (6.65E+05 / m, tol =  1.59E+05)
 error stress BC  =         0.14 (4.47E+04 Pa,  tol =  3.18E+05)

 ===========================================================================
 Increment 9/15-1/1 @ Iteration 1≤3≤100

 deformation gradient aim       =
   1.0018769    0.0000269   -0.0000107
   0.0000000    1.0018506   -0.0000362
   0.0000000    0.0000000    0.9982388

 ... evaluating constitutive response ......................................

 Piola--Kirchhoff stress       / MPa =
      318.2037        -0.0009        -0.0016
       -0.0108       318.2032        -0.0038
       -0.0016        -0.0038        -0.0105

 ... doing gamma convolution ...............................................

 ... evaluating constitutive response ......................................

 Piola--Kirchhoff stress       / MPa =
      318.2060        -0.0067        -0.0055
       -0.0167       318.1992        -0.0090
       -0.0054        -0.0089        -0.0024

 ... doing gamma convolution ...............................................

 ... reporting .............................................................

 error divergence =         1.20 (1.90E+05 / m, tol =  1.59E+05)
 error stress BC  =         0.03 (8.97E+03 Pa,  tol =  3.18E+05)

 ===========================================================================
 Increment 9/15-1/1 @ Iteration 1≤4≤100

 deformation gradient aim       =
   1.0018768    0.0000271   -0.0000105
   0.0000000    1.0018505   -0.0000359
   0.0000000    0.0000000    0.9982390

 ... evaluating constitutive response ......................................

 Piola--Kirchhoff stress       / MPa =
      318.1962        -0.0019         0.0001
       -0.0120       318.1976        -0.0009
        0.0001        -0.0009         0.0018

 ... doing gamma convolution ...............................................

 ... evaluating constitutive response ......................................

 Piola--Kirchhoff stress       / MPa =
      318.1971        -0.0006        -0.0008
       -0.0106       318.1979        -0.0004
       -0.0008        -0.0004        -0.0007

 ... doing gamma convolution ...............................................

 ... reporting .............................................................

 error divergence =         0.34 (5.34E+04 / m, tol =  1.59E+05)
 error stress BC  =         0.00 (9.06E+02 Pa,  tol =  3.18E+05)

 ===========================================================================

 increment 9 converged

 ... saving results ........................................................
 saving solver data required for restart
 saving field and constitutive data required for restart

 ###########################################################################
 Time  6.66667E+02s: Increment 10/15-1/1 of load case 1/1
 Increment 10/15-1/1 @ Iteration 1≤0≤100

 deformation gradient aim       =
   1.0021061    0.0000440   -0.0000253
   0.0000000    1.0020748   -0.0000423
   0.0000000    0.0000000    0.9980034

 ... evaluating constitutive response ......................................

 Piola--Kirchhoff stress       / MPa =
      351.9227        -0.2632         0.2791
       -0.2785       351.6836        -0.0194
        0.2781        -0.0191         3.5252

 ... doing gamma convolution ...............................................

 ... reporting .............................................................

 error divergence =        31.05 (5.46E+06 / m, tol =  1.76E+05)
 error stress BC  =        10.02 (3.53E+06 Pa,  tol =  3.52E+05)

 ===========================================================================
 Increment 10/15-1/1 @ Iteration 1≤1≤100

 deformation gradient aim       =
   1.0021262    0.0000518   -0.0000325
   0.0000000    1.0020977   -0.0000424
   0.0000000    0.0000000    0.9979600

 ... evaluating constitutive response ......................................

 Piola--Kirchhoff stress       / MPa =
      353.2275         0.0355         0.0439
        0.0173       353.1886         0.0230
        0.0438         0.0230         0.6658

 ... doing gamma convolution ...............................................

 ... evaluating constitutive response ......................................

 Piola--Kirchhoff stress       / MPa =
      353.5865         0.1193        -0.0213
        0.1003       353.6034         0.0350
       -0.0212         0.0349        -0.1220

 ... doing gamma convolution ...............................................

 ... reporting .............................................................

 error divergence =        24.74 (4.37E+06 / m, tol =  1.77E+05)
 error stress BC  =         0.35 (1.22E+05 Pa,  tol =  3.54E+05)

 ===========================================================================
 Increment 10/15-1/1 @ Iteration 1≤2≤100

 deformation gradient aim       =
   1.0021296    0.0000483   -0.0000331
   0.0000000    1.0021013   -0.0000438
   0.0000000    0.0000000    0.9979531

 ... evaluating constitutive response ......................................

 Piola--Kirchhoff stress       / MPa =
      353.2739        -0.0269         0.0722
       -0.0449       353.2956         0.0261
        0.0719         0.0260         0.5142

 ... doing gamma convolution ...............................................

 ... evaluating constitutive response ......................................

 Piola--Kirchhoff stress       / MPa =
      353.4847        -0.0037         0.0476
       -0.0220       353.5605         0.0343
        0.0474         0.0341         0.0313

 ... doing gamma convolution ...............................................

 ... reporting .............................................................

 error divergence =         7.16 (1.27E+06 / m, tol =  1.77E+05)
 error stress BC  =         0.19 (6.87E+04 Pa,  tol =  3.54E+05)

 ===========================================================================
 Increment 10/15-1/1 @ Iteration 1≤3≤100

 deformation gradient aim       =
   1.0021337    0.0000493   -0.0000360
   0.0000000    1.0021043   -0.0000452
   0.0000000    0.0000000    0.9979462

 ... evaluating constitutive response ......................................

 Piola--Kirchhoff stress       / MPa =
      353.5465        -0.0065         0.0058
       -0.0248       353.5487         0.0001
        0.0058         0.0001         0.0142

 ... doing gamma convolution ...............................................

 ... evaluating constitutive response ......................................

 Piola--Kirchhoff stress       / MPa =
      353.5567        -0.0175        -0.0017
       -0.0358       353.5408        -0.0108
       -0.0017        -0.0107         0.0231

 ... doing gamma convolution ...............................................

 ... reporting .............................................................

 error divergence =         2.39 (4.22E+05 / m, tol =  1.77E+05)
 error stress BC  =         0.07 (2.31E+04 Pa,  tol =  3.54E+05)

 ===========================================================================
 Increment 10/15-1/1 @ Iteration 1≤4≤100

 deformation gradient aim       =
   1.0021338    0.0000499   -0.0000361
   0.0000000    1.0021045   -0.0000450
   0.0000000    0.0000000    0.9979458

 ... evaluating constitutive response ......................................

 Piola--Kirchhoff stress       / MPa =
      353.5489        -0.0038         0.0015
       -0.0223       353.5560        -0.0007
        0.0015        -0.0007         0.0003

 ... doing gamma convolution ...............................................

 ... evaluating constitutive response ......................................

 Piola--Kirchhoff stress       / MPa =
      353.5524        -0.0014        -0.0033
       -0.0199       353.5552        -0.0032
       -0.0033        -0.0032        -0.0019

 ... doing gamma convolution ...............................................

 ... reporting .............................................................

 error divergence =         0.77 (1.37E+05 / m, tol =  1.77E+05)
 error stress BC  =         0.01 (3.34E+03 Pa,  tol =  3.54E+05)

 ===========================================================================

 increment 10 converged

 ... saving results ........................................................
 saving solver data required for restart
 saving field and constitutive data required for restart

 ###########################################################################
 Time  7.33333E+02s: Increment 11/15-1/1 of load case 1/1
 Increment 11/15-1/1 @ Iteration 1≤0≤100

 deformation gradient aim       =
   1.0023910    0.0000729   -0.0000616
   0.0000000    1.0023584   -0.0000539
   0.0000000    0.0000000    0.9976526

 ... evaluating constitutive response ......................................

 Piola--Kirchhoff stress       / MPa =
      387.8064         0.3810        -0.0888
        0.3530       387.8291        -0.0467
       -0.0884        -0.0463         2.1539

 ... doing gamma convolution ...............................................

 ... reporting .............................................................

 error divergence =        28.90 (5.60E+06 / m, tol =  1.94E+05)
 error stress BC  =         5.55 (2.15E+06 Pa,  tol =  3.88E+05)

 ===========================================================================
 Increment 11/15-1/1 @ Iteration 1≤1≤100

 deformation gradient aim       =
   1.0024048    0.0000642   -0.0000598
   0.0000000    1.0023719   -0.0000531
   0.0000000    0.0000000    0.9976252

 ... evaluating constitutive response ......................................

 Piola--Kirchhoff stress       / MPa =
      388.5197         0.1520         0.0171
        0.1273       388.6334         0.0464
        0.0171         0.0463         0.6360

 ... doing gamma convolution ...............................................

 ... evaluating constitutive response ......................................

 Piola--Kirchhoff stress       / MPa =
      388.9740         0.0089         0.0853
       -0.0137       389.1514         0.1080
        0.0849         0.1076        -0.3371

 ... doing gamma convolution ...............................................

 ... reporting .............................................................

 error divergence =        17.12 (3.33E+06 / m, tol =  1.95E+05)
 error stress BC  =         0.87 (3.37E+05 Pa,  tol =  3.89E+05)

 ===========================================================================
 Increment 11/15-1/1 @ Iteration 1≤2≤100

 deformation gradient aim       =
   1.0024086    0.0000604   -0.0000622
   0.0000000    1.0023723   -0.0000567
   0.0000000    0.0000000    0.9976212

 ... evaluating constitutive response ......................................

 Piola--Kirchhoff stress       / MPa =
      388.6929         0.0154         0.0479
       -0.0072       388.7357         0.0226
        0.0477         0.0225         0.3729

 ... doing gamma convolution ...............................................

 ... evaluating constitutive response ......................................

 Piola--Kirchhoff stress       / MPa =
      388.8070        -0.0410         0.0667
       -0.0626       388.8434         0.0267
        0.0664         0.0266         0.1541

 ... doing gamma convolution ...............................................

 ... reporting .............................................................

 error divergence =         5.92 (1.15E+06 / m, tol =  1.94E+05)
 error stress BC  =         0.40 (1.54E+05 Pa,  tol =  3.89E+05)

 ===========================================================================
 Increment 11/15-1/1 @ Iteration 1≤3≤100

 deformation gradient aim       =
   1.0024126    0.0000612   -0.0000650
   0.0000000    1.0023752   -0.0000579
   0.0000000    0.0000000    0.9976143

 ... evaluating constitutive response ......................................

 Piola--Kirchhoff stress       / MPa =
      388.9001        -0.0107         0.0128
       -0.0328       388.9042         0.0062
        0.0127         0.0062         0.0146

 ... doing gamma convolution ...............................................

 ... evaluating constitutive response ......................................

 Piola--Kirchhoff stress       / MPa =
      388.9174        -0.0071        -0.0110
       -0.0291       388.8884        -0.0133
       -0.0109        -0.0132         0.0213

 ... doing gamma convolution ...............................................

 ... reporting .............................................................

 error divergence =         1.95 (3.78E+05 / m, tol =  1.94E+05)
 error stress BC  =         0.05 (2.13E+04 Pa,  tol =  3.89E+05)

 ===========================================================================
 Increment 11/15-1/1 @ Iteration 1≤4≤100

 deformation gradient aim       =
   1.0024126    0.0000616   -0.0000651
   0.0000000    1.0023755   -0.0000577
   0.0000000    0.0000000    0.9976139

 ... evaluating constitutive response ......................................

 Piola--Kirchhoff stress       / MPa =
      388.9038        -0.0046         0.0037
       -0.0267       388.9059         0.0004
        0.0037         0.0004         0.0058

 ... doing gamma convolution ...............................................

 ... evaluating constitutive response ......................................

 Piola--Kirchhoff stress       / MPa =
      388.9084         0.0007        -0.0013
       -0.0215       388.9114        -0.0008
       -0.0013        -0.0008        -0.0050

 ... doing gamma convolution ...............................................

 ... reporting .............................................................

 error divergence =         0.69 (1.33E+05 / m, tol =  1.94E+05)
 error stress BC  =         0.01 (5.03E+03 Pa,  tol =  3.89E+05)

 ===========================================================================

 increment 11 converged

 ... saving results ........................................................
 saving solver data required for restart
 saving field and constitutive data required for restart

 ###########################################################################
 Time  8.00000E+02s: Increment 12/15-1/1 of load case 1/1
 Increment 12/15-1/1 @ Iteration 1≤0≤100

 deformation gradient aim       =
   1.0026914    0.0000734   -0.0000942
   0.0000000    1.0026466   -0.0000706
   0.0000000    0.0000000    0.9972820

 ... evaluating constitutive response ......................................

 Piola--Kirchhoff stress       / MPa =
      422.6291         0.8945        -0.2694
        0.8637       423.0202        -0.0111
       -0.2678        -0.0107         2.7989

 ... doing gamma convolution ...............................................

 ... reporting .............................................................

 error divergence =        24.68 (5.22E+06 / m, tol =  2.12E+05)
 error stress BC  =         6.62 (2.80E+06 Pa,  tol =  4.23E+05)

 ===========================================================================
 Increment 12/15-1/1 @ Iteration 1≤1≤100

 deformation gradient aim       =
   1.0027125    0.0000511   -0.0000878
   0.0000000    1.0026625   -0.0000707
   0.0000000    0.0000000    0.9972450

 ... evaluating constitutive response ......................................

 Piola--Kirchhoff stress       / MPa =
      423.8792         0.1696         0.0247
        0.1482       424.0963         0.0582
        0.0246         0.0580         0.5268

 ... doing gamma convolution ...............................................

 ... evaluating constitutive response ......................................

 Piola--Kirchhoff stress       / MPa =
      424.1024         0.0400         0.0777
        0.0203       424.2897         0.0709
        0.0773         0.0707         0.1197

 ... doing gamma convolution ...............................................

 ... reporting .............................................................

 error divergence =        20.69 (4.39E+06 / m, tol =  2.12E+05)
 error stress BC  =         0.38 (1.62E+05 Pa,  tol =  4.24E+05)

 ===========================================================================
 Increment 12/15-1/1 @ Iteration 1≤2≤100

 deformation gradient aim       =
   1.0027194    0.0000460   -0.0000903
   0.0000000    1.0026643   -0.0000738
   0.0000000    0.0000000    0.9972363

 ... evaluating constitutive response ......................................

 Piola--Kirchhoff stress       / MPa =
      423.8879         0.1269         0.0517
        0.1074       424.0294         0.0415
        0.0514         0.0414         0.5798

 ... doing gamma convolution ...............................................

 ... evaluating constitutive response ......................................

 Piola--Kirchhoff stress       / MPa =
      424.1042        -0.0236         0.1204
       -0.0401       424.1706         0.0436
        0.1198         0.0434         0.2278

 ... doing gamma convolution ...............................................

 ... reporting .............................................................

 error divergence =         8.48 (1.80E+06 / m, tol =  2.12E+05)
 error stress BC  =         0.54 (2.28E+05 Pa,  tol =  4.24E+05)

 ===========================================================================
 Increment 12/15-1/1 @ Iteration 1≤3≤100

 deformation gradient aim       =
   1.0027262    0.0000434   -0.0000944
   0.0000000    1.0026684   -0.0000760
   0.0000000    0.0000000    0.9972255

 ... evaluating constitutive response ......................................

 Piola--Kirchhoff stress       / MPa =
      424.2314        -0.0031         0.0232
       -0.0199       424.2362         0.0188
        0.0231         0.0187         0.0630

 ... doing gamma convolution ...............................................

 ... evaluating constitutive response ......................................

 Piola--Kirchhoff stress       / MPa =
      424.2714         0.0016        -0.0125
       -0.0147       424.2298         0.0029
       -0.0124         0.0029         0.0388

 ... doing gamma convolution ...............................................

 ... reporting .............................................................

 error divergence =         2.93 (6.21E+05 / m, tol =  2.12E+05)
 error stress BC  =         0.09 (3.88E+04 Pa,  tol =  4.24E+05)

 ===========================================================================
 Increment 12/15-1/1 @ Iteration 1≤4≤100

 deformation gradient aim       =
   1.0027266    0.0000435   -0.0000946
   0.0000000    1.0026693   -0.0000765
   0.0000000    0.0000000    0.9972243

 ... evaluating constitutive response ......................................

 Piola--Kirchhoff stress       / MPa =
      424.2560        -0.0077         0.0105
       -0.0240       424.2549         0.0041
        0.0104         0.0041         0.0143

 ... doing gamma convolution ...............................................

 ... evaluating constitutive response ......................................

 Piola--Kirchhoff stress       / MPa =
      424.2621        -0.0036         0.0008
       -0.0199       424.2633        -0.0010
        0.0008        -0.0010        -0.0016

 ... doing gamma convolution ...............................................

 ... reporting .............................................................

 error divergence =         1.07 (2.28E+05 / m, tol =  2.12E+05)
 error stress BC  =         0.01 (3.56E+03 Pa,  tol =  4.24E+05)

 ===========================================================================
 Increment 12/15-1/1 @ Iteration 1≤5≤100

 deformation gradient aim       =
   1.0027268    0.0000438   -0.0000949
   0.0000000    1.0026694   -0.0000766
   0.0000000    0.0000000    0.9972241

 ... evaluating constitutive response ......................................

 Piola--Kirchhoff stress       / MPa =
      424.2654        -0.0011        -0.0006
       -0.0175       424.2599        -0.0012
       -0.0006        -0.0012         0.0030

 ... doing gamma convolution ...............................................

 ... evaluating constitutive response ......................................

 Piola--Kirchhoff stress       / MPa =
      424.2647        -0.0004         0.0005
       -0.0168       424.2617        -0.0017
        0.0005        -0.0017         0.0018

 ... doing gamma convolution ...............................................

 ... reporting .............................................................

 error divergence =         0.35 (7.47E+04 / m, tol =  2.12E+05)
 error stress BC  =         0.01 (2.41E+03 Pa,  tol =  4.24E+05)

 ===========================================================================

 increment 12 converged

 ... saving results ........................................................
 saving solver data required for restart
 saving field and constitutive data required for restart

 ###########################################################################
 Time  8.66667E+02s: Increment 13/15-1/1 of load case 1/1
 Increment 13/15-1/1 @ Iteration 1≤0≤100

 deformation gradient aim       =
   1.0030408    0.0000259   -0.0001247
   0.0000000    1.0029634   -0.0000953
   0.0000000    0.0000000    0.9968341

 ... evaluating constitutive response ......................................

 Piola--Kirchhoff stress       / MPa =
      458.2053         0.4478        -0.1717
        0.4364       458.4568         0.1098
       -0.1709         0.1098         2.4413

 ... doing gamma convolution ...............................................

 ... reporting .............................................................

 error divergence =        36.08 (8.27E+06 / m, tol =  2.29E+05)
 error stress BC  =         5.33 (2.44E+06 Pa,  tol =  4.58E+05)

 ===========================================================================
 Increment 13/15-1/1 @ Iteration 1≤1≤100

 deformation gradient aim       =
   1.0030597    0.0000141   -0.0001207
   0.0000000    1.0029786   -0.0000984
   0.0000000    0.0000000    0.9968002

 ... evaluating constitutive response ......................................

 Piola--Kirchhoff stress       / MPa =
      459.1061         0.1254         0.0319
        0.1192       459.2390         0.0262
        0.0316         0.0263         0.8453

 ... doing gamma convolution ...............................................

 ... evaluating constitutive response ......................................

 Piola--Kirchhoff stress       / MPa =
      459.4967        -0.0170         0.1207
       -0.0209       459.5768        -0.0104
        0.1200        -0.0103         0.1545

 ... doing gamma convolution ...............................................

 ... reporting .............................................................

 error divergence =        20.25 (4.65E+06 / m, tol =  2.30E+05)
 error stress BC  =         0.34 (1.55E+05 Pa,  tol =  4.60E+05)

 ===========================================================================
 Increment 13/15-1/1 @ Iteration 1≤2≤100

 deformation gradient aim       =
   1.0030681    0.0000112   -0.0001243
   0.0000000    1.0029842   -0.0000990
   0.0000000    0.0000000    0.9967863

 ... evaluating constitutive response ......................................

 Piola--Kirchhoff stress       / MPa =
      459.2320         0.1042         0.0575
        0.1001       459.3634         0.0424
        0.0572         0.0423         0.6103

 ... doing gamma convolution ...............................................

 ... evaluating constitutive response ......................................

 Piola--Kirchhoff stress       / MPa =
      459.3141         0.0886         0.0750
        0.0857       459.4439         0.0519
        0.0746         0.0517         0.4575

 ... doing gamma convolution ...............................................

 ... reporting .............................................................

 error divergence =         9.34 (2.15E+06 / m, tol =  2.30E+05)
 error stress BC  =         1.00 (4.57E+05 Pa,  tol =  4.59E+05)

 ===========================================================================
 Increment 13/15-1/1 @ Iteration 1≤3≤100

 deformation gradient aim       =
   1.0030774    0.0000062   -0.0001275
   0.0000000    1.0029899   -0.0001016
   0.0000000    0.0000000    0.9967715

 ... evaluating constitutive response ......................................

 Piola--Kirchhoff stress       / MPa =
      459.5629         0.0070         0.0283
        0.0053       459.5760         0.0195
        0.0282         0.0195         0.0996

 ... doing gamma convolution ...............................................

 ... evaluating constitutive response ......................................

 Piola--Kirchhoff stress       / MPa =
      459.6312        -0.0034        -0.0076
       -0.0044       459.6013         0.0211
       -0.0076         0.0210         0.0134

 ... doing gamma convolution ...............................................

 ... reporting .............................................................

 error divergence =         4.18 (9.60E+05 / m, tol =  2.30E+05)
 error stress BC  =         0.05 (2.11E+04 Pa,  tol =  4.60E+05)

 ===========================================================================
 Increment 13/15-1/1 @ Iteration 1≤4≤100

 deformation gradient aim       =
   1.0030780    0.0000061   -0.0001280
   0.0000000    1.0029907   -0.0001025
   0.0000000    0.0000000    0.9967700

 ... evaluating constitutive response ......................................

 Piola--Kirchhoff stress       / MPa =
      459.5900         0.0066         0.0150
        0.0055       459.5966         0.0087
        0.0149         0.0086         0.0474

 ... doing gamma convolution ...............................................

 ... evaluating constitutive response ......................................

 Piola--Kirchhoff stress       / MPa =
      459.6151        -0.0006         0.0087
       -0.0014       459.6122        -0.0007
        0.0086        -0.0007         0.0057

 ... doing gamma convolution ...............................................

 ... reporting .............................................................

 error divergence =         1.51 (3.46E+05 / m, tol =  2.30E+05)
 error stress BC  =         0.02 (8.68E+03 Pa,  tol =  4.60E+05)

 ===========================================================================
 Increment 13/15-1/1 @ Iteration 1≤5≤100

 deformation gradient aim       =
   1.0030785    0.0000059   -0.0001286
   0.0000000    1.0029911   -0.0001028
   0.0000000    0.0000000    0.9967692

 ... evaluating constitutive response ......................................

 Piola--Kirchhoff stress       / MPa =
      459.6210         0.0007        -0.0003
       -0.0000       459.6166         0.0008
       -0.0003         0.0008         0.0017

 ... doing gamma convolution ...............................................

 ... evaluating constitutive response ......................................

 Piola--Kirchhoff stress       / MPa =
      459.6215         0.0013        -0.0010
        0.0006       459.6202        -0.0010
       -0.0010        -0.0010        -0.0018

 ... doing gamma convolution ...............................................

 ... reporting .............................................................

 error divergence =         0.54 (1.24E+05 / m, tol =  2.30E+05)
 error stress BC  =         0.00 (2.14E+03 Pa,  tol =  4.60E+05)

 ===========================================================================

 increment 13 converged

 ... saving results ........................................................
 saving solver data required for restart
 saving field and constitutive data required for restart

 ###########################################################################
 Time  9.33333E+02s: Increment 14/15-1/1 of load case 1/1
 Increment 14/15-1/1 @ Iteration 1≤0≤100

 deformation gradient aim       =
   1.0034301   -0.0000321   -0.0001622
   0.0000000    1.0033127   -0.0001290
   0.0000000    0.0000000    0.9963144

 ... evaluating constitutive response ......................................

 Piola--Kirchhoff stress       / MPa =
      492.6803        -0.0910        -0.0997
       -0.0749       492.5234         0.2278
       -0.0995         0.2268         4.4574

 ... doing gamma convolution ...............................................

 ... reporting .............................................................

 error divergence =        38.76 (9.55E+06 / m, tol =  2.46E+05)
 error stress BC  =         9.05 (4.46E+06 Pa,  tol =  4.93E+05)

 ===========================================================================
 Increment 14/15-1/1 @ Iteration 1≤1≤100

 deformation gradient aim       =
   1.0034628   -0.0000301   -0.0001598
   0.0000000    1.0033466   -0.0001353
   0.0000000    0.0000000    0.9962484

 ... evaluating constitutive response ......................................

 Piola--Kirchhoff stress       / MPa =
      494.5093        -0.0505        -0.0098
       -0.0353       494.3942         0.0045
       -0.0099         0.0047         0.9811

 ... doing gamma convolution ...............................................

 ... evaluating constitutive response ......................................

 Piola--Kirchhoff stress       / MPa =
      494.7753        -0.0472         0.0034
       -0.0322       494.6650        -0.0283
        0.0033        -0.0279         0.4767

 ... doing gamma convolution ...............................................

 ... reporting .............................................................

 error divergence =        27.90 (6.90E+06 / m, tol =  2.47E+05)
 error stress BC  =         0.96 (4.77E+05 Pa,  tol =  4.95E+05)

 ===========================================================================
 Increment 14/15-1/1 @ Iteration 1≤2≤100

 deformation gradient aim       =
   1.0034724   -0.0000277   -0.0001596
   0.0000000    1.0033589   -0.0001349
   0.0000000    0.0000000    0.9962268

 ... evaluating constitutive response ......................................

 Piola--Kirchhoff stress       / MPa =
      494.3407         0.0610         0.0681
        0.0752       494.4206         0.0516
        0.0677         0.0515         1.1189

 ... doing gamma convolution ...............................................

 ... evaluating constitutive response ......................................

 Piola--Kirchhoff stress       / MPa =
      494.5234         0.1308         0.1312
        0.1442       494.7276         0.0456
        0.1305         0.0454         0.6614

 ... doing gamma convolution ...............................................

 ... reporting .............................................................

 error divergence =        13.87 (3.43E+06 / m, tol =  2.47E+05)
 error stress BC  =         1.34 (6.61E+05 Pa,  tol =  4.95E+05)

 ===========================================================================
 Increment 14/15-1/1 @ Iteration 1≤3≤100

 deformation gradient aim       =
   1.0034876   -0.0000328   -0.0001644
   0.0000000    1.0033702   -0.0001379
   0.0000000    0.0000000    0.9962004

 ... evaluating constitutive response ......................................

 Piola--Kirchhoff stress       / MPa =
      494.8341         0.0185         0.0342
        0.0339       494.8619         0.0222
        0.0340         0.0221         0.2475

 ... doing gamma convolution ...............................................

 ... evaluating constitutive response ......................................

 Piola--Kirchhoff stress       / MPa =
      494.8928        -0.0051         0.0036
        0.0111       494.8969         0.0380
        0.0035         0.0378         0.1645

 ... doing gamma convolution ...............................................

 ... reporting .............................................................

 error divergence =         7.05 (1.75E+06 / m, tol =  2.47E+05)
 error stress BC  =         0.33 (1.65E+05 Pa,  tol =  4.95E+05)

 ===========================================================================
 Increment 14/15-1/1 @ Iteration 1≤4≤100

 deformation gradient aim       =
   1.0034908   -0.0000332   -0.0001654
   0.0000000    1.0033729   -0.0001394
   0.0000000    0.0000000    0.9961944

 ... evaluating constitutive response ......................................

 Piola--Kirchhoff stress       / MPa =
      494.9092         0.0204         0.0288
        0.0364       494.9463         0.0156
        0.0286         0.0155         0.0860

 ... doing gamma convolution ...............................................

 ... evaluating constitutive response ......................................

 Piola--Kirchhoff stress       / MPa =
      494.9572         0.0091         0.0174
        0.0256       494.9755         0.0063
        0.0173         0.0062         0.0059

 ... doing gamma convolution ...............................................

 ... reporting .............................................................

 error divergence =         2.90 (7.18E+05 / m, tol =  2.47E+05)
 error stress BC  =         0.04 (1.76E+04 Pa,  tol =  4.95E+05)

 ===========================================================================
 Increment 14/15-1/1 @ Iteration 1≤5≤100

 deformation gradient aim       =
   1.0034919   -0.0000340   -0.0001665
   0.0000000    1.0033733   -0.0001400
   0.0000000    0.0000000    0.9961930

 ... evaluating constitutive response ......................................

 Piola--Kirchhoff stress       / MPa =
      494.9652         0.0034         0.0044
        0.0200       494.9672         0.0065
        0.0044         0.0065         0.0170

 ... doing gamma convolution ...............................................

 ... evaluating constitutive response ......................................

 Piola--Kirchhoff stress       / MPa =
      494.9745         0.0033         0.0005
        0.0200       494.9715         0.0023
        0.0005         0.0023         0.0059

 ... doing gamma convolution ...............................................

 ... reporting .............................................................

 error divergence =         1.16 (2.87E+05 / m, tol =  2.47E+05)
 error stress BC  =         0.01 (5.90E+03 Pa,  tol =  4.95E+05)

 ===========================================================================
 Increment 14/15-1/1 @ Iteration 1≤6≤100

 deformation gradient aim       =
   1.0034921   -0.0000342   -0.0001666
   0.0000000    1.0033735   -0.0001402
   0.0000000    0.0000000    0.9961927

 ... evaluating constitutive response ......................................

 Piola--Kirchhoff stress       / MPa =
      494.9709         0.0014         0.0012
        0.0182       494.9765         0.0014
        0.0011         0.0014         0.0020

 ... doing gamma convolution ...............................................

 ... evaluating constitutive response ......................................

 Piola--Kirchhoff stress       / MPa =
      494.9705        -0.0001        -0.0008
        0.0167       494.9773         0.0006
       -0.0008         0.0006         0.0023

 ... doing gamma convolution ...............................................

 ... reporting .............................................................

 error divergence =         0.44 (1.10E+05 / m, tol =  2.47E+05)
 error stress BC  =         0.01 (4.29E+03 Pa,  tol =  4.95E+05)

 ===========================================================================

 increment 14 converged

 ... saving results ........................................................
 saving solver data required for restart
 saving field and constitutive data required for restart

 ###########################################################################
 Time  1.00000E+03s: Increment 15/15-1/1 of load case 1/1
 Increment 15/15-1/1 @ Iteration 1≤0≤100

 deformation gradient aim       =
   1.0039060   -0.0000743   -0.0002047
   0.0000000    1.0037558   -0.0001778
   0.0000000    0.0000000    0.9956160

 ... evaluating constitutive response ......................................

 Piola--Kirchhoff stress       / MPa =
      527.6192        -1.0615         0.3073
       -1.0226       527.1240         0.2680
        0.3041         0.2651         5.4963

 ... doing gamma convolution ...............................................

 ... reporting .............................................................

 error divergence =        47.85 (1.26E+07 / m, tol =  2.64E+05)
 error stress BC  =        10.42 (5.50E+06 Pa,  tol =  5.28E+05)

 ===========================================================================
 Increment 15/15-1/1 @ Iteration 1≤1≤100

 deformation gradient aim       =
   1.0039483   -0.0000423   -0.0002131
   0.0000000    1.0038044   -0.0001856
   0.0000000    0.0000000    0.9955260

 ... evaluating constitutive response ......................................

 Piola--Kirchhoff stress       / MPa =
      529.6844        -0.2824         0.0857
       -0.2600       529.4949         0.0722
        0.0849         0.0715         1.3682

 ... doing gamma convolution ...............................................

 ... evaluating constitutive response ......................................

 Piola--Kirchhoff stress       / MPa =
      530.0231        -0.1572         0.0500
       -0.1376       529.8825         0.0403
        0.0496         0.0401         0.6926

 ... doing gamma convolution ...............................................

 ... reporting .............................................................

 error divergence =        37.34 (9.90E+06 / m, tol =  2.65E+05)
 error stress BC  =         1.31 (6.93E+05 Pa,  tol =  5.30E+05)

 ===========================================================================
 Increment 15/15-1/1 @ Iteration 1≤2≤100

 deformation gradient aim       =
   1.0039633   -0.0000292   -0.0002168
   0.0000000    1.0038237   -0.0001888
   0.0000000    0.0000000    0.9954922

 ... evaluating constitutive response ......................................

 Piola--Kirchhoff stress       / MPa =
      529.4321        -0.1227         0.1495
       -0.1059       529.4507         0.1041
        0.1486         0.1032         1.6631

 ... doing gamma convolution ...............................................

 ... evaluating constitutive response ......................................

 Piola--Kirchhoff stress       / MPa =
      529.6915         0.1348         0.1486
        0.1442       529.9073         0.0862
        0.1481         0.0856         1.0093

 ... doing gamma convolution ...............................................

 ... reporting .............................................................

 error divergence =        20.30 (5.38E+06 / m, tol =  2.65E+05)
 error stress BC  =         1.90 (1.01E+06 Pa,  tol =  5.30E+05)

 ===========================================================================
 Increment 15/15-1/1 @ Iteration 1≤3≤100

 deformation gradient aim       =
   1.0039868   -0.0000280   -0.0002244
   0.0000000    1.0038440   -0.0001945
   0.0000000    0.0000000    0.9954488

 ... evaluating constitutive response ......................................

 Piola--Kirchhoff stress       / MPa =
      530.0914        -0.0021         0.0624
        0.0095       530.1200         0.0431
        0.0621         0.0428         0.4295

 ... doing gamma convolution ...............................................

 ... evaluating constitutive response ......................................

 Piola--Kirchhoff stress       / MPa =
      530.1759        -0.0403         0.0433
       -0.0300       530.1766         0.0365
        0.0430         0.0362         0.3021

 ... doing gamma convolution ...............................................

 ... reporting .............................................................

 error divergence =        10.58 (2.81E+06 / m, tol =  2.65E+05)
 error stress BC  =         0.57 (3.02E+05 Pa,  tol =  5.30E+05)

 ===========================================================================
 Increment 15/15-1/1 @ Iteration 1≤4≤100

 deformation gradient aim       =
   1.0039929   -0.0000265   -0.0002271
   0.0000000    1.0038498   -0.0001968
   0.0000000    0.0000000    0.9954369

 ... evaluating constitutive response ......................................

 Piola--Kirchhoff stress       / MPa =
      530.1893         0.0484         0.0463
        0.0578       530.2665         0.0284
        0.0459         0.0282         0.1888

 ... doing gamma convolution ...............................................

 ... evaluating constitutive response ......................................

 Piola--Kirchhoff stress       / MPa =
      530.2551         0.0546         0.0298
        0.0637       530.3339         0.0159
        0.0295         0.0158         0.0509

 ... doing gamma convolution ...............................................

 ... reporting .............................................................

 error divergence =         5.30 (1.41E+06 / m, tol =  2.65E+05)
 error stress BC  =         0.14 (7.50E+04 Pa,  tol =  5.30E+05)

 ===========================================================================
 Increment 15/15-1/1 @ Iteration 1≤5≤100

 deformation gradient aim       =
   1.0039959   -0.0000291   -0.0002290
   0.0000000    1.0038508   -0.0001981
   0.0000000    0.0000000    0.9954330

 ... evaluating constitutive response ......................................

 Piola--Kirchhoff stress       / MPa =
      530.3008         0.0115         0.0095
        0.0214       530.3083         0.0099
        0.0094         0.0098         0.0494

 ... doing gamma convolution ...............................................

 ... evaluating constitutive response ......................................

 Piola--Kirchhoff stress       / MPa =
      530.3340         0.0040        -0.0042
        0.0141       530.3162         0.0028
       -0.0042         0.0028         0.0148

 ... doing gamma convolution ...............................................

 ... reporting .............................................................

 error divergence =         2.30 (6.09E+05 / m, tol =  2.65E+05)
 error stress BC  =         0.03 (1.48E+04 Pa,  tol =  5.30E+05)

 ===========================================================================
 Increment 15/15-1/1 @ Iteration 1≤6≤100

 deformation gradient aim       =
   1.0039964   -0.0000295   -0.0002292
   0.0000000    1.0038513   -0.0001984
   0.0000000    0.0000000    0.9954320

 ... evaluating constitutive response ......................................

 Piola--Kirchhoff stress       / MPa =
      530.3192         0.0113         0.0015
        0.0216       530.3306         0.0024
        0.0014         0.0024         0.0095

 ... doing gamma convolution ...............................................

 ... evaluating constitutive response ......................................

 Piola--Kirchhoff stress       / MPa =
      530.3204         0.0059        -0.0005
        0.0164       530.3319         0.0001
       -0.0005         0.0001         0.0076

 ... doing gamma convolution ...............................................

 ... reporting .............................................................

 error divergence =         0.96 (2.55E+05 / m, tol =  2.65E+05)
 error stress BC  =         0.02 (9.66E+03 Pa,  tol =  5.30E+05)

 ===========================================================================

 increment 15 converged

 ... saving results ........................................................
 saving solver data required for restart
 saving field and constitutive data required for restart
Note: The following floating-point exceptions are signalling: IEEE_UNDERFLOW_FLAG IEEE_DENORMAL IEEE_INEXACT_FLAG
STOP 0

 ###########################################################################

 DAMASK terminated on:
 Date:               14/11/2025
 Time:               23:07:45
