Increment Time CutbackLevel Converged IterationsNeeded StagIterationsNeeded
           1   66.666666666666671                0 T           5           2
           2   133.33333333333334                0 T           3           2
           3   200.00000000000000                0 T           2           2
           4   266.66666666666669                0 T           1           2
           5   333.33333333333337                0 T           1           2
           6   400.00000000000006                0 T           2           2
           7   466.66666666666674                0 T           4           2
           8   533.33333333333337                0 T           6           2
           9   600.00000000000000                0 T           6           2
          10   666.66666666666663                0 T           6           2
          11   733.33333333333326                0 T           6           2
          12   799.99999999999989                0 T           7           2
          13   866.66666666666652                0 T           9           2
          14   933.33333333333314                0 T          11           2
          15   999.99999999999977                0 T          13           2
          16   1066.6666666666665                0 T          13           2
          17   1133.3333333333333                0 T           9           2
          18   1200.0000000000000                0 T           5           2
          19   1266.6666666666667                0 T           4           2
          20   1333.3333333333335                0 T           3           2
          21   1400.0000000000002                0 T           3           2
          22   1466.6666666666670                0 T           2           2
          23   1533.3333333333337                0 T           3           2
          24   1600.0000000000005                0 T           4           2
          25   1666.6666666666672                0 T           5           2
          26   1733.3333333333339                0 T           6           2
          27   1800.0000000000007                0 T           6           2
          28   1866.6666666666674                0 T           7           2
          29   1933.3333333333342                0 T           7           2
          30   2000.0000000000009                0 T           8           2
          31   2066.6666666666674                0 T           8           2
          32   2133.3333333333339                0 T           5           2
          33   2200.0000000000005                0 T           3           2
          34   2266.6666666666670                0 T           2           2
          35   2333.3333333333335                0 T           2           2
          36   2400.0000000000000                0 T           1           2
          37   2466.6666666666665                0 T           1           2
          38   2533.3333333333330                0 T           1           2
          39   2599.9999999999995                0 T           1           2
          40   2666.6666666666661                0 T           1           2
          41   2733.3333333333326                0 T           1           2
          42   2799.9999999999991                0 T           1           2
          43   2866.6666666666656                0 T           1           2
          44   2933.3333333333321                0 T           1           2
          45   2999.9999999999986                0 T          12           2
