
 <<<+-  parallelization init  -+>>>

 Open MPI v4.1.6, package: Debian OpenMPI, ident: 4.1.6, repo rev: v4.1.6, Sep 30, 2023
 MPI standard: 3.1
 OpenMP version: 201511

 MPI processes: 1
 Could not get $OMP_NUM_THREADS, using default
 OMP_NUM_THREADS: 4

 <<<+-  CLI init  -+>>>

     _/_/_/      _/_/    _/      _/    _/_/      _/_/_/  _/    _/    _/_/_/
    _/    _/  _/    _/  _/_/  _/_/  _/    _/  _/        _/  _/            _/
   _/    _/  _/_/_/_/  _/  _/  _/  _/_/_/_/    _/_/    _/_/          _/_/
  _/    _/  _/    _/  _/      _/  _/    _/        _/  _/  _/            _/
 _/_/_/    _/    _/  _/      _/  _/    _/  _/_/_/    _/    _/    _/_/_/
 Grid solver

 F. Roters et al., Computational Materials Science 158:420–478, 2019
 https://doi.org/10.1016/j.commatsci.2018.04.030

 S. Balay et al., PETSc/TAO User Manual Revision 3.19
 https://doi.org/10.2172/1968587

 Version: v3.0.1

 Compiled with: GCC version 13.3.0
 Compiled on: Linux-6.8.0-51-generic
 Compiler options: -cpp -I /usr/lib/petscdir/petsc3.19/x86_64-linux-gnu-real/include -I /usr/include/hypre -I /usr/include/suitesparse -I /usr/include/superlu -I /usr/include/superlu-dist -I /usr/include/trilinos -I /usr/include/scotch -I /usr/include/hdf5/openmpi -I /usr/include/hdf5/serial -I /usr/include -I /usr/lib/x86_64-linux-gnu/openmpi/lib/../../fortran/gfortran-mod-15/openmpi -I /usr/lib/x86_64-linux-gnu/openmpi/lib -imultiarch x86_64-linux-gnu -D_REENTRANT -D CMAKE_SYSTEM="Linux-6.8.0-51-generic" -D DAMASKVERSION="v3.0.1" -D FYAML -D GRID -D PETSC --param=l1-cache-size=32 --param=l1-cache-line-size=64 --param=l2-cache-size=512 -mtune=znver2 -mno-omit-leaf-frame-pointer -march=x86-64 -g -O2 -O2 -Wall -Wextra -Wcharacter-truncation -Wunderflow -Wsuggest-attribute=pure -Wsuggest-attribute=noreturn -Wconversion-extra -Wunused-parameter -std=f2018 -fno-omit-frame-pointer -ffile-prefix-map=/build/damask-XEckOy/damask-3.0.1=. -flto=auto -ffat-lto-objects -fstack-protector-strong -fstack-clash-protection -fcf-protection=full -fdebug-prefix-map=/build/damask-XEckOy/damask-3.0.1=/usr/src/damask-3.0.1-6~noble -fopenmp -fPIE -ffree-line-length-none -fimplicit-none -fallow-argument-mismatch -ffpe-summary=all -fpre-include=/usr/include/finclude/x86_64-linux-gnu/math-vector-fortran.h

 Compiled on: Jan 14 2025 at 07:40:31

 PETSc version: 3.19.6

 Date: 14/11/2025
 Time: 23:09:38

 Host name: UT170340
 User name: vincent

 Command line call:      DAMASK_grid --geom /home/vincent/local_Homogenization_for_Damask/projects/template_yield_surface_postprocessing_only/input_files/Polycrystal_25_5x5x5.vti --load /home/vincent/local_Homogenization_for_Damask/projects/template_yield_surface_postprocessing_only/damask_files/yield_surface/tensile_x_z_q0_0/LOADCASE.yaml --material /home/vincent/local_Homogenization_for_Damask/projects/template_yield_surface_postprocessing_only/input_files/titanium_assigned.yaml --numerics /home/vincent/local_Homogenization_for_Damask/projects/template_yield_surface_postprocessing_only/damask_files/yield_surface/tensile_x_z_q0_0/NUMERICS.yaml --jobname template_yield_surface_postprocessing_only --workingdirectory /home/vincent/local_Homogenization_for_Damask/projects/template_yield_surface_postprocessing_only/damask_files/yield_surface/tensile_x_z_q0_0

 Working directory:      /home/vincent/local_Homogenization_for_Damask/projects/template_yield_surface_postprocessing_only/damask_files/yield_surface/tensile_x_z_q0_0
 Geometry:               ../../../input_files/Polycrystal_25_5x5x5.vti <-- /home/vincent/local_Homogenization_for_Damask/projects/template_yield_surface_postprocessing_only/input_files/Polycrystal_25_5x5x5.vti
 Load case:              LOADCASE.yaml <-- /home/vincent/local_Homogenization_for_Damask/projects/template_yield_surface_postprocessing_only/damask_files/yield_surface/tensile_x_z_q0_0/LOADCASE.yaml
 Material config:        ../../../input_files/titanium_assigned.yaml <-- /home/vincent/local_Homogenization_for_Damask/projects/template_yield_surface_postprocessing_only/input_files/titanium_assigned.yaml
 Numerics config:        NUMERICS.yaml <-- /home/vincent/local_Homogenization_for_Damask/projects/template_yield_surface_postprocessing_only/damask_files/yield_surface/tensile_x_z_q0_0/NUMERICS.yaml
 Solver job name:        template_yield_surface_postprocessing_only

 <<<+-  system_routines init  -+>>>

 <<<+-  prec init  -+>>>

 integer size / bit:   32
   maximum value:              2147483647

 real size / bit:      64
   maximum value:      0.180+309
   minimum value:      0.223-307
   epsilon value:      0.222E-15
   decimal precision:  15

 <<<+-  misc init  -+>>>

 <<<+-  IO init  -+>>>

 <<<+-  base64 init  -+>>>

 <<<+-  types init  -+>>>

 <<<+-  YAML init  -+>>>

 libfyaml powered

 <<<+-  HDF5_utilities init  -+>>>

 <<<+-  result init  -+>>>

 M. Diehl et al., Integrating Materials and Manufacturing Innovation 6(1):83–91, 2017
 https://doi.org/10.1007/s40192-017-0084-5

 <<<+-  config init  -+>>>

 reading material configuration

 reading numerics configuration

 <<<+-  math init  -+>>>

 size  of random seed:      8
 value of random seed:       1004483496   618769818 -2073089554  1003787019   216743901 -2085880458 -1121894080  -979794212
 start of random sequence: 
                           0.24909170507819
                           0.28854296712595
                           0.53350393820423
                           0.87534932804242

 <<<+-  rotations init  -+>>>

 D. Rowenhorst et al., Modelling and Simulation in Materials Science and Engineering 23:083501, 2015
 https://doi.org/10.1088/0965-0393/23/8/083501

 <<<+-  polynomials init  -+>>>

 <<<+-  tables init  -+>>>

 <<<+-  crystal init  -+>>>

 <<<+-  discretization_grid init  -+>>>

 cells:  5 × 5 × 5
 size:   1.00E-05 × 1.00E-05 × 1.00E-05 m³
 origin:  0.00E+00  0.00E+00  0.00E+00 m

 <<<+-  discretization init  -+>>>

 <<<+-  material init  -+>>>

 parsed material.yaml

 <<<+-  phase init  -+>>>

 phase 1: A

 references:
   - https://www.totalmateria.com/page.aspx?ID=CheckArticle&site=ktn&NM=221
   - https://en.wikipedia.org/wiki/Titanium

 <<<+-  phase:mechanical init  -+>>>

 <<<+-  phase:mechanical:elastic init  -+>>>

 <<<+-  phase:mechanical:elastic:Hooke init  -+>>>

 # phases: 1

 phase 1: A

 references:
   - E.S. Fisher and C.J. Renken, Physical Review 135(2A):A482-A494, 1964,
     https://doi.org/10.1103/PhysRev.135.A482, fit to Tab. IV (T_min=77K, 
     T_max=923K) 

 <<<+-  phase:mechanical:plasticity init  -+>>>

 <<<+-  phase:mechanical:plastic:phenopowerlaw init  -+>>>

 # phases: 1

 phase 1: A

 references:
   - C. Zambaldi et al., Journal of Materials Research 27(1):356-367, 2021,
     https://doi.org/10.1557/jmr.2011.334 
   - L. Wang et al., Acta Materialia 132:598-610, 2017,
     https://doi.org/10.1016/j.actamat.2017.05.015 

 <<<+-  phase:mechanical:eigen init  -+>>>

 <<<+-  phase:damage init  -+>>>

 <<<+-  phase:thermal init  -+>>>

 <<<+-  homogenization init  -+>>>

 <<<+-  homogenization:mechanical init  -+>>>

 <<<+-  homogenization:mechanical:pass init  -+>>>

 # homogenizations: 1

 <<<+-  homogenization:thermal init  -+>>>

 <<<+-  homogenization:damage init  -+>>>

 <<<+-  homogenization:damage:pass init  -+>>>

 <<<+-  materialpoint init  -+>>>

 deallocating material configuration

 <<<+-  DAMASK_grid init  -+>>>

 P. Shanthraj et al., Handbook of Mechanics of Materials, 2019
 https://doi.org/10.1007/978-981-10-6855-3_80

 <<<+-  spectral_utilities init  -+>>>

 M. Diehl, Diploma Thesis TU München, 2010
 https://doi.org/10.13140/2.1.3234.3840

 P. Eisenlohr et al., International Journal of Plasticity 46:37–53, 2013
 https://doi.org/10.1016/j.ijplas.2012.09.012

 P. Shanthraj et al., International Journal of Plasticity 66:31–45, 2015
 https://doi.org/10.1016/j.ijplas.2014.02.006

 P. Shanthraj et al., Handbook of Mechanics of Materials, 2019
 https://doi.org/10.1007/978-981-10-6855-3_80

 M. Frigo and S.G. Johnson, Proceedings of the IEEE 93(2):216–231, 2005
 https://doi.org/10.1109/jproc.2004.840301

 FFTW initialized

 <<<+-  grid_mechanical_spectral_basic init  -+>>>

 P. Eisenlohr et al., International Journal of Plasticity 46:37–53, 2013
 https://doi.org/10.1016/j.ijplas.2012.09.012

 P. Shanthraj et al., International Journal of Plasticity 66:31–45, 2015
 https://doi.org/10.1016/j.ijplas.2014.02.006

 ... evaluating constitutive response ......................................

 Piola--Kirchhoff stress       / MPa =
        0.0000         0.0000         0.0000
        0.0000         0.0000        -0.0000
        0.0000        -0.0000         0.0000

 deallocating numerics configuration

 ... saving initial configuration ..........................................

 load case: 1
  estimate_rate: F
  F:
       x             x             x      
     0.0000000       x             x      
     0.0000000     0.0000000       x      
  P / MPa:
        0.0000        0.0000        0.0000
       x              0.0000        0.0000
       x             x            600.0000
  r: 1 (constant step width)
  t: 1000.000
  N: 15
  f_out: 1
  f_restart: 1

 ###########################################################################
 Time  6.66667E+01s: Increment 1/15-1/1 of load case 1/1
 Increment 1/15-1/1 @ Iteration 1≤0≤100

 deformation gradient aim       =
   1.0000000    0.0000000    0.0000000
   0.0000000    1.0000000    0.0000000
   0.0000000    0.0000000    1.0000000

 ... evaluating constitutive response ......................................

 Piola--Kirchhoff stress       / MPa =
       -0.0000         0.0000         0.0000
        0.0000        -0.0000        -0.0000
        0.0000        -0.0000        -0.0000

 ... doing gamma convolution ...............................................

 ... reporting .............................................................

 error divergence =         1.24 (1.24E-04 / m, tol =  1.00E-04)
 error stress BC  =     40000.00 (4.00E+07 Pa,  tol =  1.00E+03)

 ===========================================================================
 Increment 1/15-1/1 @ Iteration 1≤1≤100

 deformation gradient aim       =
   0.9998948   -0.0000013   -0.0000026
   0.0000000    0.9998967    0.0000034
   0.0000000    0.0000000    1.0003336

 ... evaluating constitutive response ......................................

 Piola--Kirchhoff stress       / MPa =
        0.0056         0.0000        -0.0001
        0.0000         0.0056         0.0001
        0.0000        -0.0000        40.0235

 ... doing gamma convolution ...............................................

 ... evaluating constitutive response ......................................

 Piola--Kirchhoff stress       / MPa =
        0.0053         0.0000        -0.0001
        0.0000         0.0052         0.0001
        0.0000        -0.0000        38.8250

 ... doing gamma convolution ...............................................

 ... reporting .............................................................

 error divergence =       383.85 (7.45E+06 / m, tol =  1.94E+04)
 error stress BC  =        30.26 (1.18E+06 Pa,  tol =  3.88E+04)

 ===========================================================================
 Increment 1/15-1/1 @ Iteration 1≤2≤100

 deformation gradient aim       =
   0.9998917   -0.0000014   -0.0000027
   0.0000000    0.9998936    0.0000035
   0.0000000    0.0000000    1.0003433

 ... evaluating constitutive response ......................................

 Piola--Kirchhoff stress       / MPa =
        0.2730        -0.0450        -0.0520
       -0.0450         0.1780        -0.0223
       -0.0519        -0.0224        39.5890

 ... doing gamma convolution ...............................................

 ... evaluating constitutive response ......................................

 Piola--Kirchhoff stress       / MPa =
        0.2731        -0.0450        -0.0520
       -0.0450         0.1782        -0.0223
       -0.0519        -0.0224        40.1745

 ... doing gamma convolution ...............................................

 ... reporting .............................................................

 error divergence =        52.87 (1.06E+06 / m, tol =  2.01E+04)
 error stress BC  =         6.80 (2.73E+05 Pa,  tol =  4.02E+04)

 ===========================================================================
 Increment 1/15-1/1 @ Iteration 1≤3≤100

 deformation gradient aim       =
   0.9998874    0.0000007   -0.0000004
   0.0000000    0.9998916    0.0000046
   0.0000000    0.0000000    1.0003476

 ... evaluating constitutive response ......................................

 Piola--Kirchhoff stress       / MPa =
       -0.0041        -0.0020        -0.0004
       -0.0020         0.0099        -0.0005
       -0.0003        -0.0007        39.9868

 ... doing gamma convolution ...............................................

 ... evaluating constitutive response ......................................

 Piola--Kirchhoff stress       / MPa =
        0.0120        -0.0046        -0.0034
       -0.0046         0.0199        -0.0018
       -0.0034        -0.0020        40.0136

 ... doing gamma convolution ...............................................

 ... reporting .............................................................

 error divergence =         7.91 (1.58E+05 / m, tol =  2.00E+04)
 error stress BC  =         0.50 (1.99E+04 Pa,  tol =  4.00E+04)

 ===========================================================================
 Increment 1/15-1/1 @ Iteration 1≤4≤100

 deformation gradient aim       =
   0.9998874    0.0000009   -0.0000003
   0.0000000    0.9998913    0.0000046
   0.0000000    0.0000000    1.0003477

 ... evaluating constitutive response ......................................

 Piola--Kirchhoff stress       / MPa =
        0.0007        -0.0006        -0.0008
       -0.0006        -0.0009         0.0006
       -0.0008         0.0004        40.0003

 ... doing gamma convolution ...............................................

 ... evaluating constitutive response ......................................

 Piola--Kirchhoff stress       / MPa =
       -0.0031        -0.0000        -0.0001
       -0.0000        -0.0032         0.0009
       -0.0001         0.0007        39.9972

 ... doing gamma convolution ...............................................

 ... reporting .............................................................

 error divergence =         1.04 (2.08E+04 / m, tol =  2.00E+04)
 error stress BC  =         0.08 (3.16E+03 Pa,  tol =  4.00E+04)

 ===========================================================================
 Increment 1/15-1/1 @ Iteration 1≤5≤100

 deformation gradient aim       =
   0.9998874    0.0000009   -0.0000003
   0.0000000    0.9998914    0.0000046
   0.0000000    0.0000000    1.0003477

 ... evaluating constitutive response ......................................

 Piola--Kirchhoff stress       / MPa =
       -0.0001        -0.0000        -0.0002
       -0.0000         0.0001         0.0001
       -0.0001        -0.0001        40.0000

 ... doing gamma convolution ...............................................

 ... evaluating constitutive response ......................................

 Piola--Kirchhoff stress       / MPa =
       -0.0004         0.0001        -0.0001
        0.0001        -0.0004         0.0001
       -0.0001        -0.0001        39.9997

 ... doing gamma convolution ...............................................

 ... reporting .............................................................

 error divergence =         0.15 (2.91E+03 / m, tol =  2.00E+04)
 error stress BC  =         0.01 (3.58E+02 Pa,  tol =  4.00E+04)

 ===========================================================================

 increment 1 converged

 ... saving results ........................................................
 saving solver data required for restart
 saving field and constitutive data required for restart

 ###########################################################################
 Time  1.33333E+02s: Increment 2/15-1/1 of load case 1/1
 Increment 2/15-1/1 @ Iteration 1≤0≤100

 deformation gradient aim       =
   0.9997748    0.0000018   -0.0000006
   0.0000000    0.9997827    0.0000092
   0.0000000    0.0000000    1.0006954

 ... evaluating constitutive response ......................................

 Piola--Kirchhoff stress       / MPa =
       -0.5479         0.0972         0.1091
        0.0972        -0.3790         0.0453
        0.1092         0.0446        82.0144

 ... doing gamma convolution ...............................................

 ... reporting .............................................................

 error divergence =        11.69 (4.79E+05 / m, tol =  4.10E+04)
 error stress BC  =        24.56 (2.01E+06 Pa,  tol =  8.20E+04)

 ===========================================================================
 Increment 2/15-1/1 @ Iteration 1≤1≤100

 deformation gradient aim       =
   0.9997838   -0.0000004   -0.0000029
   0.0000000    0.9997896    0.0000080
   0.0000000    0.0000000    1.0006762

 ... evaluating constitutive response ......................................

 Piola--Kirchhoff stress       / MPa =
        0.0182        -0.0047        -0.0052
       -0.0047         0.0096        -0.0021
       -0.0050        -0.0027        79.9707

 ... doing gamma convolution ...............................................

 ... evaluating constitutive response ......................................

 Piola--Kirchhoff stress       / MPa =
       -0.0245         0.0030         0.0034
        0.0030        -0.0197         0.0015
        0.0036         0.0009        80.1247

 ... doing gamma convolution ...............................................

 ... reporting .............................................................

 error divergence =        10.75 (4.31E+05 / m, tol =  4.01E+04)
 error stress BC  =         1.56 (1.25E+05 Pa,  tol =  8.01E+04)

 ===========================================================================
 Increment 2/15-1/1 @ Iteration 1≤2≤100

 deformation gradient aim       =
   0.9997841   -0.0000004   -0.0000028
   0.0000000    0.9997899    0.0000080
   0.0000000    0.0000000    1.0006753

 ... evaluating constitutive response ......................................

 Piola--Kirchhoff stress       / MPa =
       -0.0176         0.0041         0.0045
        0.0041        -0.0089         0.0019
        0.0048         0.0012        80.0233

 ... doing gamma convolution ...............................................

 ... evaluating constitutive response ......................................

 Piola--Kirchhoff stress       / MPa =
       -0.0101         0.0028         0.0030
        0.0028        -0.0038         0.0012
        0.0033         0.0006        79.9961

 ... doing gamma convolution ...............................................

 ... reporting .............................................................

 error divergence =         1.70 (6.79E+04 / m, tol =  4.00E+04)
 error stress BC  =         0.13 (1.01E+04 Pa,  tol =  8.00E+04)

 ===========================================================================
 Increment 2/15-1/1 @ Iteration 1≤3≤100

 deformation gradient aim       =
   0.9997843   -0.0000005   -0.0000030
   0.0000000    0.9997899    0.0000079
   0.0000000    0.0000000    1.0006751

 ... evaluating constitutive response ......................................

 Piola--Kirchhoff stress       / MPa =
       -0.0001         0.0002         0.0002
        0.0002        -0.0009         0.0001
        0.0004        -0.0005        80.0014

 ... doing gamma convolution ...............................................

 ... evaluating constitutive response ......................................

 Piola--Kirchhoff stress       / MPa =
       -0.0003         0.0003         0.0003
        0.0003        -0.0008         0.0002
        0.0005        -0.0005        79.9995

 ... doing gamma convolution ...............................................

 ... reporting .............................................................

 error divergence =         0.24 (9.61E+03 / m, tol =  4.00E+04)
 error stress BC  =         0.01 (7.67E+02 Pa,  tol =  8.00E+04)

 ===========================================================================

 increment 2 converged

 ... saving results ........................................................
 saving solver data required for restart
 saving field and constitutive data required for restart

 ###########################################################################
 Time  2.00000E+02s: Increment 3/15-1/1 of load case 1/1
 Increment 3/15-1/1 @ Iteration 1≤0≤100

 deformation gradient aim       =
   0.9996812   -0.0000020   -0.0000057
   0.0000000    0.9996886    0.0000112
   0.0000000    0.0000000    1.0010024

 ... evaluating constitutive response ......................................

 Piola--Kirchhoff stress       / MPa =
        0.3582        -0.0599        -0.0673
       -0.0599         0.2538        -0.0278
       -0.0667        -0.0291       118.8277

 ... doing gamma convolution ...............................................

 ... reporting .............................................................

 error divergence =         5.04 (2.99E+05 / m, tol =  5.94E+04)
 error stress BC  =         9.87 (1.17E+06 Pa,  tol =  1.19E+05)

 ===========================================================================
 Increment 3/15-1/1 @ Iteration 1≤1≤100

 deformation gradient aim       =
   0.9996758   -0.0000006   -0.0000043
   0.0000000    0.9996844    0.0000119
   0.0000000    0.0000000    1.0010138

 ... evaluating constitutive response ......................................

 Piola--Kirchhoff stress       / MPa =
       -0.0116         0.0030         0.0033
        0.0030        -0.0061         0.0012
        0.0038        -0.0002       120.0183

 ... doing gamma convolution ...............................................

 ... evaluating constitutive response ......................................

 Piola--Kirchhoff stress       / MPa =
        0.0172        -0.0019        -0.0022
       -0.0019         0.0142        -0.0010
       -0.0017        -0.0025       119.9256

 ... doing gamma convolution ...............................................

 ... reporting .............................................................

 error divergence =         4.27 (2.56E+05 / m, tol =  6.00E+04)
 error stress BC  =         0.62 (7.44E+04 Pa,  tol =  1.20E+05)

 ===========================================================================
 Increment 3/15-1/1 @ Iteration 1≤2≤100

 deformation gradient aim       =
   0.9996756   -0.0000007   -0.0000043
   0.0000000    0.9996842    0.0000119
   0.0000000    0.0000000    1.0010143

 ... evaluating constitutive response ......................................

 Piola--Kirchhoff stress       / MPa =
        0.0105        -0.0025        -0.0027
       -0.0025         0.0053        -0.0011
       -0.0022        -0.0025       119.9862

 ... doing gamma convolution ...............................................

 ... evaluating constitutive response ......................................

 Piola--Kirchhoff stress       / MPa =
        0.0056        -0.0017        -0.0018
       -0.0017         0.0018        -0.0007
       -0.0012        -0.0022       120.0018

 ... doing gamma convolution ...............................................

 ... reporting .............................................................

 error divergence =         0.68 (4.06E+04 / m, tol =  6.00E+04)
 error stress BC  =         0.05 (5.65E+03 Pa,  tol =  1.20E+05)

 ===========================================================================

 increment 3 converged

 ... saving results ........................................................
 saving solver data required for restart
 saving field and constitutive data required for restart

 ###########################################################################
 Time  2.66667E+02s: Increment 4/15-1/1 of load case 1/1
 Increment 4/15-1/1 @ Iteration 1≤0≤100

 deformation gradient aim       =
   0.9995666   -0.0000006   -0.0000055
   0.0000000    0.9995784    0.0000160
   0.0000000    0.0000000    1.0013538

 ... evaluating constitutive response ......................................

 Piola--Kirchhoff stress       / MPa =
       -0.0652         0.0125         0.0137
        0.0125        -0.0425         0.0064
        0.0146         0.0038       160.3098

 ... doing gamma convolution ...............................................

 ... reporting .............................................................

 error divergence =         1.51 (1.21E+05 / m, tol =  8.02E+04)
 error stress BC  =         1.93 (3.10E+05 Pa,  tol =  1.60E+05)

 ===========================================================================
 Increment 4/15-1/1 @ Iteration 1≤1≤100

 deformation gradient aim       =
   0.9995678   -0.0000009   -0.0000058
   0.0000000    0.9995794    0.0000159
   0.0000000    0.0000000    1.0013510

 ... evaluating constitutive response ......................................

 Piola--Kirchhoff stress       / MPa =
        0.0026        -0.0010        -0.0010
       -0.0010         0.0022        -0.0004
       -0.0001        -0.0030       159.9944

 ... doing gamma convolution ...............................................

 ... evaluating constitutive response ......................................

 Piola--Kirchhoff stress       / MPa =
       -0.0019        -0.0001        -0.0000
       -0.0001        -0.0008         0.0000
        0.0009        -0.0025       160.0153

 ... doing gamma convolution ...............................................

 ... reporting .............................................................

 error divergence =         0.71 (5.67E+04 / m, tol =  8.00E+04)
 error stress BC  =         0.10 (1.53E+04 Pa,  tol =  1.60E+05)

 ===========================================================================

 increment 4 converged

 ... saving results ........................................................
 saving solver data required for restart
 saving field and constitutive data required for restart

 ###########################################################################
 Time  3.33333E+02s: Increment 5/15-1/1 of load case 1/1
 Increment 5/15-1/1 @ Iteration 1≤0≤100

 deformation gradient aim       =
   0.9994603   -0.0000011   -0.0000072
   0.0000000    0.9994746    0.0000198
   0.0000000    0.0000000    1.0016874

 ... evaluating constitutive response ......................................

 Piola--Kirchhoff stress       / MPa =
        0.0383        -0.0024        -0.0040
       -0.0024         0.0291        -0.0013
       -0.0025        -0.0052       199.9451

 ... doing gamma convolution ...............................................

 ... reporting .............................................................

 error divergence =         1.57 (1.57E+05 / m, tol =  1.00E+05)
 error stress BC  =         0.27 (5.49E+04 Pa,  tol =  2.00E+05)

 ===========================================================================
 Increment 5/15-1/1 @ Iteration 1≤1≤100

 deformation gradient aim       =
   0.9994599   -0.0000011   -0.0000071
   0.0000000    0.9994743    0.0000198
   0.0000000    0.0000000    1.0016880

 ... evaluating constitutive response ......................................

 Piola--Kirchhoff stress       / MPa =
       -0.0057         0.0014         0.0015
        0.0014        -0.0033         0.0008
        0.0029        -0.0032       200.0083

 ... doing gamma convolution ...............................................

 ... evaluating constitutive response ......................................

 Piola--Kirchhoff stress       / MPa =
       -0.0001         0.0009         0.0008
        0.0009         0.0008         0.0005
        0.0022        -0.0034       200.0003

 ... doing gamma convolution ...............................................

 ... reporting .............................................................

 error divergence =         0.18 (1.79E+04 / m, tol =  1.00E+05)
 error stress BC  =         0.00 (9.39E+02 Pa,  tol =  2.00E+05)

 ===========================================================================

 increment 5 converged

 ... saving results ........................................................
 saving solver data required for restart
 saving field and constitutive data required for restart

 ###########################################################################
 Time  4.00000E+02s: Increment 6/15-1/1 of load case 1/1
 Increment 6/15-1/1 @ Iteration 1≤0≤100

 deformation gradient aim       =
   0.9993520   -0.0000014   -0.0000087
   0.0000000    0.9993693    0.0000237
   0.0000000    0.0000000    1.0020249

 ... evaluating constitutive response ......................................

 Piola--Kirchhoff stress       / MPa =
        0.0650         0.0251        -0.0206
        0.0251         0.0442         0.0015
       -0.0186        -0.0042       239.9704

 ... doing gamma convolution ...............................................

 ... reporting .............................................................

 error divergence =         4.50 (5.40E+05 / m, tol =  1.20E+05)
 error stress BC  =         0.27 (6.50E+04 Pa,  tol =  2.40E+05)

 ===========================================================================
 Increment 6/15-1/1 @ Iteration 1≤1≤100

 deformation gradient aim       =
   0.9993515   -0.0000020   -0.0000082
   0.0000000    0.9993690    0.0000237
   0.0000000    0.0000000    1.0020254

 ... evaluating constitutive response ......................................

 Piola--Kirchhoff stress       / MPa =
        0.0146         0.0030        -0.0033
        0.0030         0.0088         0.0002
       -0.0014        -0.0055       239.9786

 ... doing gamma convolution ...............................................

 ... evaluating constitutive response ......................................

 Piola--Kirchhoff stress       / MPa =
        0.0077        -0.0002        -0.0009
       -0.0002         0.0039        -0.0000
        0.0010        -0.0057       239.9801

 ... doing gamma convolution ...............................................

 ... reporting .............................................................

 error divergence =         0.69 (8.27E+04 / m, tol =  1.20E+05)
 error stress BC  =         0.08 (1.99E+04 Pa,  tol =  2.40E+05)

 ===========================================================================

 increment 6 converged

 ... saving results ........................................................
 saving solver data required for restart
 saving field and constitutive data required for restart

 ###########################################################################
 Time  4.66667E+02s: Increment 7/15-1/1 of load case 1/1
 Increment 7/15-1/1 @ Iteration 1≤0≤100

 deformation gradient aim       =
   0.9992425   -0.0000030   -0.0000090
   0.0000000    0.9992634    0.0000276
   0.0000000    0.0000000    1.0023638

 ... evaluating constitutive response ......................................

 Piola--Kirchhoff stress       / MPa =
        0.4418         0.1965        -0.1543
        0.1965         0.3501        -0.0011
       -0.1522        -0.0089       279.2635

 ... doing gamma convolution ...............................................

 ... reporting .............................................................

 error divergence =        27.34 (3.82E+06 / m, tol =  1.40E+05)
 error stress BC  =         2.64 (7.36E+05 Pa,  tol =  2.79E+05)

 ===========================================================================
 Increment 7/15-1/1 @ Iteration 1≤1≤100

 deformation gradient aim       =
   0.9992377   -0.0000077   -0.0000056
   0.0000000    0.9992597    0.0000277
   0.0000000    0.0000000    1.0023721

 ... evaluating constitutive response ......................................

 Piola--Kirchhoff stress       / MPa =
        0.1731         0.0583        -0.0554
        0.0583         0.1255        -0.0036
       -0.0540        -0.0114       279.7067

 ... doing gamma convolution ...............................................

 ... evaluating constitutive response ......................................

 Piola--Kirchhoff stress       / MPa =
        0.0359        -0.0121        -0.0050
       -0.0121         0.0104        -0.0049
       -0.0040        -0.0126       279.9327

 ... doing gamma convolution ...............................................

 ... reporting .............................................................

 error divergence =         5.42 (7.58E+05 / m, tol =  1.40E+05)
 error stress BC  =         0.24 (6.73E+04 Pa,  tol =  2.80E+05)

 ===========================================================================
 Increment 7/15-1/1 @ Iteration 1≤2≤100

 deformation gradient aim       =
   0.9992354   -0.0000088   -0.0000043
   0.0000000    0.9992583    0.0000279
   0.0000000    0.0000000    1.0023760

 ... evaluating constitutive response ......................................

 Piola--Kirchhoff stress       / MPa =
        0.0040         0.0020        -0.0027
        0.0020         0.0054         0.0023
       -0.0016        -0.0055       279.9882

 ... doing gamma convolution ...............................................

 ... evaluating constitutive response ......................................

 Piola--Kirchhoff stress       / MPa =
       -0.0167        -0.0051         0.0038
       -0.0051        -0.0101         0.0031
        0.0048        -0.0047       280.0233

 ... doing gamma convolution ...............................................

 ... reporting .............................................................

 error divergence =         1.26 (1.77E+05 / m, tol =  1.40E+05)
 error stress BC  =         0.08 (2.33E+04 Pa,  tol =  2.80E+05)

 ===========================================================================
 Increment 7/15-1/1 @ Iteration 1≤3≤100

 deformation gradient aim       =
   0.9992355   -0.0000087   -0.0000043
   0.0000000    0.9992583    0.0000278
   0.0000000    0.0000000    1.0023758

 ... evaluating constitutive response ......................................

 Piola--Kirchhoff stress       / MPa =
        0.0008         0.0002         0.0008
        0.0002        -0.0010         0.0012
        0.0018        -0.0066       280.0008

 ... doing gamma convolution ...............................................

 ... evaluating constitutive response ......................................

 Piola--Kirchhoff stress       / MPa =
        0.0015         0.0019         0.0004
        0.0019         0.0003         0.0014
        0.0014        -0.0064       280.0006

 ... doing gamma convolution ...............................................

 ... reporting .............................................................

 error divergence =         0.27 (3.78E+04 / m, tol =  1.40E+05)
 error stress BC  =         0.01 (1.90E+03 Pa,  tol =  2.80E+05)

 ===========================================================================

 increment 7 converged

 ... saving results ........................................................
 saving solver data required for restart
 saving field and constitutive data required for restart

 ###########################################################################
 Time  5.33333E+02s: Increment 8/15-1/1 of load case 1/1
 Increment 8/15-1/1 @ Iteration 1≤0≤100

 deformation gradient aim       =
   0.9991197   -0.0000155   -0.0000005
   0.0000000    0.9991477    0.0000318
   0.0000000    0.0000000    1.0027258

 ... evaluating constitutive response ......................................

 Piola--Kirchhoff stress       / MPa =
        1.1843         0.3867        -0.3494
        0.3868         1.2030        -0.0298
       -0.3505        -0.0401       317.6228

 ... doing gamma convolution ...............................................

 ... reporting .............................................................

 error divergence =        48.89 (7.76E+06 / m, tol =  1.59E+05)
 error stress BC  =         7.48 (2.38E+06 Pa,  tol =  3.18E+05)

 ===========================================================================
 Increment 8/15-1/1 @ Iteration 1≤1≤100

 deformation gradient aim       =
   0.9991059   -0.0000255    0.0000077
   0.0000000    0.9991340    0.0000327
   0.0000000    0.0000000    1.0027534

 ... evaluating constitutive response ......................................

 Piola--Kirchhoff stress       / MPa =
        0.4435         0.0982        -0.1372
        0.0982         0.4370        -0.0382
       -0.1401        -0.0488       319.1232

 ... doing gamma convolution ...............................................

 ... evaluating constitutive response ......................................

 Piola--Kirchhoff stress       / MPa =
       -0.1155        -0.1219         0.0227
       -0.1218        -0.1393        -0.0466
        0.0182        -0.0575       320.2525

 ... doing gamma convolution ...............................................

 ... reporting .............................................................

 error divergence =        14.72 (2.36E+06 / m, tol =  1.60E+05)
 error stress BC  =         0.79 (2.53E+05 Pa,  tol =  3.20E+05)

 ===========================================================================
 Increment 8/15-1/1 @ Iteration 1≤2≤100

 deformation gradient aim       =
   0.9991020   -0.0000251    0.0000103
   0.0000000    0.9991306    0.0000347
   0.0000000    0.0000000    1.0027606

 ... evaluating constitutive response ......................................

 Piola--Kirchhoff stress       / MPa =
        0.0646         0.0193        -0.0309
        0.0194         0.0534        -0.0069
       -0.0353        -0.0179       319.8755

 ... doing gamma convolution ...............................................

 ... evaluating constitutive response ......................................

 Piola--Kirchhoff stress       / MPa =
        0.0193         0.0150        -0.0182
        0.0150         0.0083        -0.0002
       -0.0228        -0.0114       319.9641

 ... doing gamma convolution ...............................................

 ... reporting .............................................................

 error divergence =         4.65 (7.43E+05 / m, tol =  1.60E+05)
 error stress BC  =         0.11 (3.59E+04 Pa,  tol =  3.20E+05)

 ===========================================================================
 Increment 8/15-1/1 @ Iteration 1≤3≤100

 deformation gradient aim       =
   0.9991010   -0.0000260    0.0000115
   0.0000000    0.9991298    0.0000349
   0.0000000    0.0000000    1.0027624

 ... evaluating constitutive response ......................................

 Piola--Kirchhoff stress       / MPa =
       -0.0047         0.0013         0.0020
        0.0013        -0.0056         0.0042
       -0.0027        -0.0069       320.0107

 ... doing gamma convolution ...............................................

 ... evaluating constitutive response ......................................

 Piola--Kirchhoff stress       / MPa =
       -0.0026         0.0078         0.0065
        0.0078         0.0017         0.0100
        0.0017        -0.0011       320.0043

 ... doing gamma convolution ...............................................

 ... reporting .............................................................

 error divergence =         1.35 (2.16E+05 / m, tol =  1.60E+05)
 error stress BC  =         0.03 (1.00E+04 Pa,  tol =  3.20E+05)

 ===========================================================================
 Increment 8/15-1/1 @ Iteration 1≤4≤100

 deformation gradient aim       =
   0.9991011   -0.0000262    0.0000113
   0.0000000    0.9991299    0.0000345
   0.0000000    0.0000000    1.0027622

 ... evaluating constitutive response ......................................

 Piola--Kirchhoff stress       / MPa =
        0.0013         0.0024        -0.0001
        0.0024         0.0008         0.0011
       -0.0048        -0.0100       319.9982

 ... doing gamma convolution ...............................................

 ... evaluating constitutive response ......................................

 Piola--Kirchhoff stress       / MPa =
        0.0002         0.0007         0.0008
        0.0007         0.0001         0.0002
       -0.0040        -0.0109       320.0004

 ... doing gamma convolution ...............................................

 ... reporting .............................................................

 error divergence =         0.37 (5.87E+04 / m, tol =  1.60E+05)
 error stress BC  =         0.00 (7.85E+02 Pa,  tol =  3.20E+05)

 ===========================================================================

 increment 8 converged

 ... saving results ........................................................
 saving solver data required for restart
 saving field and constitutive data required for restart

 ###########################################################################
 Time  6.00000E+02s: Increment 9/15-1/1 of load case 1/1
 Increment 9/15-1/1 @ Iteration 1≤0≤100

 deformation gradient aim       =
   0.9989667   -0.0000438    0.0000269
   0.0000000    0.9990014    0.0000413
   0.0000000    0.0000000    1.0031487

 ... evaluating constitutive response ......................................

 Piola--Kirchhoff stress       / MPa =
        1.9908         0.2982        -0.3457
        0.2984         2.2210         0.0248
       -0.3567         0.0103       355.7158

 ... doing gamma convolution ...............................................

 ... reporting .............................................................

 error divergence =        36.94 (6.57E+06 / m, tol =  1.78E+05)
 error stress BC  =        12.04 (4.28E+06 Pa,  tol =  3.56E+05)

 ===========================================================================
 Increment 9/15-1/1 @ Iteration 1≤1≤100

 deformation gradient aim       =
   0.9989418   -0.0000528    0.0000358
   0.0000000    0.9989740    0.0000413
   0.0000000    0.0000000    1.0032011

 ... evaluating constitutive response ......................................

 Piola--Kirchhoff stress       / MPa =
        0.4027        -0.0486        -0.0504
       -0.0485         0.4411        -0.0280
       -0.0635        -0.0429       359.1515

 ... doing gamma convolution ...............................................

 ... evaluating constitutive response ......................................

 Piola--Kirchhoff stress       / MPa =
       -0.0310        -0.1457         0.0310
       -0.1456        -0.0463        -0.0429
        0.0173        -0.0579       360.0908

 ... doing gamma convolution ...............................................

 ... reporting .............................................................

 error divergence =        30.23 (5.44E+06 / m, tol =  1.80E+05)
 error stress BC  =         0.40 (1.46E+05 Pa,  tol =  3.60E+05)

 ===========================================================================
 Increment 9/15-1/1 @ Iteration 1≤2≤100

 deformation gradient aim       =
   0.9989373   -0.0000485    0.0000364
   0.0000000    0.9989692    0.0000430
   0.0000000    0.0000000    1.0032104

 ... evaluating constitutive response ......................................

 Piola--Kirchhoff stress       / MPa =
        0.3516         0.0266        -0.0896
        0.0266         0.3190        -0.0338
       -0.1035        -0.0491       359.3273

 ... doing gamma convolution ...............................................

 ... evaluating constitutive response ......................................

 Piola--Kirchhoff stress       / MPa =
        0.0773        -0.0011        -0.0585
       -0.0011        -0.0179        -0.0459
       -0.0730        -0.0615       359.9499

 ... doing gamma convolution ...............................................

 ... reporting .............................................................

 error divergence =         8.99 (1.62E+06 / m, tol =  1.80E+05)
 error stress BC  =         0.21 (7.73E+04 Pa,  tol =  3.60E+05)

 ===========================================================================
 Increment 9/15-1/1 @ Iteration 1≤3≤100

 deformation gradient aim       =
   0.9989321   -0.0000494    0.0000399
   0.0000000    0.9989655    0.0000449
   0.0000000    0.0000000    1.0032193

 ... evaluating constitutive response ......................................

 Piola--Kirchhoff stress       / MPa =
        0.0100         0.0058        -0.0078
        0.0058         0.0054        -0.0012
       -0.0226        -0.0170       359.9782

 ... doing gamma convolution ...............................................

 ... evaluating constitutive response ......................................

 Piola--Kirchhoff stress       / MPa =
       -0.0010         0.0206         0.0005
        0.0207         0.0161         0.0127
       -0.0145        -0.0032       359.9729

 ... doing gamma convolution ...............................................

 ... reporting .............................................................

 error divergence =         3.07 (5.53E+05 / m, tol =  1.80E+05)
 error stress BC  =         0.08 (2.71E+04 Pa,  tol =  3.60E+05)

 ===========================================================================
 Increment 9/15-1/1 @ Iteration 1≤4≤100

 deformation gradient aim       =
   0.9989319   -0.0000501    0.0000401
   0.0000000    0.9989652    0.0000447
   0.0000000    0.0000000    1.0032199

 ... evaluating constitutive response ......................................

 Piola--Kirchhoff stress       / MPa =
        0.0060         0.0043        -0.0020
        0.0043        -0.0034         0.0009
       -0.0170        -0.0149       359.9999

 ... doing gamma convolution ...............................................

 ... evaluating constitutive response ......................................

 Piola--Kirchhoff stress       / MPa =
        0.0021         0.0021         0.0044
        0.0021        -0.0011         0.0047
       -0.0107        -0.0111       360.0038

 ... doing gamma convolution ...............................................

 ... reporting .............................................................

 error divergence =         1.03 (1.85E+05 / m, tol =  1.80E+05)
 error stress BC  =         0.01 (4.73E+03 Pa,  tol =  3.60E+05)

 ===========================================================================
 Increment 9/15-1/1 @ Iteration 1≤5≤100

 deformation gradient aim       =
   0.9989318   -0.0000502    0.0000400
   0.0000000    0.9989652    0.0000446
   0.0000000    0.0000000    1.0032198

 ... evaluating constitutive response ......................................

 Piola--Kirchhoff stress       / MPa =
       -0.0006         0.0018         0.0013
        0.0018         0.0017         0.0013
       -0.0137        -0.0146       359.9986

 ... doing gamma convolution ...............................................

 ... evaluating constitutive response ......................................

 Piola--Kirchhoff stress       / MPa =
       -0.0014         0.0001         0.0007
        0.0001         0.0008        -0.0005
       -0.0143        -0.0163       360.0002

 ... doing gamma convolution ...............................................

 ... reporting .............................................................

 error divergence =         0.29 (5.27E+04 / m, tol =  1.80E+05)
 error stress BC  =         0.00 (1.43E+03 Pa,  tol =  3.60E+05)

 ===========================================================================

 increment 9 converged

 ... saving results ........................................................
 saving solver data required for restart
 saving field and constitutive data required for restart

 ###########################################################################
 Time  6.66667E+02s: Increment 10/15-1/1 of load case 1/1
 Increment 10/15-1/1 @ Iteration 1≤0≤100

 deformation gradient aim       =
   0.9987626   -0.0000743    0.0000687
   0.0000000    0.9988006    0.0000546
   0.0000000    0.0000000    1.0036774

 ... evaluating constitutive response ......................................

 Piola--Kirchhoff stress       / MPa =
        1.4103        -0.4465         0.0849
       -0.4462         1.3083         0.0333
        0.0579         0.0119       397.1692

 ... doing gamma convolution ...............................................

 ... reporting .............................................................

 error divergence =        33.37 (6.63E+06 / m, tol =  1.99E+05)
 error stress BC  =         7.13 (2.83E+06 Pa,  tol =  3.97E+05)

 ===========================================================================
 Increment 10/15-1/1 @ Iteration 1≤1≤100

 deformation gradient aim       =
   0.9987442   -0.0000638    0.0000670
   0.0000000    0.9987835    0.0000541
   0.0000000    0.0000000    1.0037131

 ... evaluating constitutive response ......................................

 Piola--Kirchhoff stress       / MPa =
        0.4800        -0.1988        -0.0211
       -0.1986         0.3054        -0.0647
       -0.0480        -0.0865       399.2093

 ... doing gamma convolution ...............................................

 ... evaluating constitutive response ......................................

 Piola--Kirchhoff stress       / MPa =
       -0.0498        -0.0605        -0.0818
       -0.0603        -0.2719        -0.1224
       -0.1087        -0.1445       400.3776

 ... doing gamma convolution ...............................................

 ... reporting .............................................................

 error divergence =        22.53 (4.51E+06 / m, tol =  2.00E+05)
 error stress BC  =         0.94 (3.78E+05 Pa,  tol =  4.00E+05)

 ===========================================================================
 Increment 10/15-1/1 @ Iteration 1≤2≤100

 deformation gradient aim       =
   0.9987390   -0.0000575    0.0000695
   0.0000000    0.9987832    0.0000585
   0.0000000    0.0000000    1.0037185

 ... evaluating constitutive response ......................................

 Piola--Kirchhoff stress       / MPa =
        0.3113        -0.0380        -0.0653
       -0.0379         0.2363        -0.0366
       -0.0927        -0.0595       399.4451

 ... doing gamma convolution ...............................................

 ... evaluating constitutive response ......................................

 Piola--Kirchhoff stress       / MPa =
        0.1247         0.0473        -0.0957
        0.0473         0.0668        -0.0432
       -0.1234        -0.0664       399.8159

 ... doing gamma convolution ...............................................

 ... reporting .............................................................

 error divergence =         7.82 (1.56E+06 / m, tol =  2.00E+05)
 error stress BC  =         0.46 (1.84E+05 Pa,  tol =  4.00E+05)

 ===========================================================================
 Increment 10/15-1/1 @ Iteration 1≤3≤100

 deformation gradient aim       =
   0.9987334   -0.0000579    0.0000734
   0.0000000    0.9987793    0.0000604
   0.0000000    0.0000000    1.0037280

 ... evaluating constitutive response ......................................

 Piola--Kirchhoff stress       / MPa =
        0.0147         0.0111        -0.0189
        0.0111         0.0079        -0.0099
       -0.0471        -0.0334       399.9721

 ... doing gamma convolution ...............................................

 ... evaluating constitutive response ......................................

 Piola--Kirchhoff stress       / MPa =
       -0.0100         0.0112         0.0113
        0.0113         0.0275         0.0148
       -0.0173        -0.0089       399.9653

 ... doing gamma convolution ...............................................

 ... reporting .............................................................

 error divergence =         2.68 (5.35E+05 / m, tol =  2.00E+05)
 error stress BC  =         0.09 (3.47E+04 Pa,  tol =  4.00E+05)

 ===========================================================================
 Increment 10/15-1/1 @ Iteration 1≤4≤100

 deformation gradient aim       =
   0.9987333   -0.0000585    0.0000736
   0.0000000    0.9987788    0.0000603
   0.0000000    0.0000000    1.0037287

 ... evaluating constitutive response ......................................

 Piola--Kirchhoff stress       / MPa =
        0.0073         0.0055        -0.0064
        0.0055         0.0040        -0.0014
       -0.0350        -0.0250       399.9915

 ... doing gamma convolution ...............................................

 ... evaluating constitutive response ......................................

 Piola--Kirchhoff stress       / MPa =
        0.0019        -0.0024         0.0024
       -0.0023        -0.0010         0.0018
       -0.0262        -0.0219       400.0042

 ... doing gamma convolution ...............................................

 ... reporting .............................................................

 error divergence =         0.99 (1.97E+05 / m, tol =  2.00E+05)
 error stress BC  =         0.01 (4.23E+03 Pa,  tol =  4.00E+05)

 ===========================================================================

 increment 10 converged

 ... saving results ........................................................
 saving solver data required for restart
 saving field and constitutive data required for restart

 ###########################################################################
 Time  7.33333E+02s: Increment 11/15-1/1 of load case 1/1
 Increment 11/15-1/1 @ Iteration 1≤0≤100

 deformation gradient aim       =
   0.9985345   -0.0000669    0.0001073
   0.0000000    0.9985923    0.0000761
   0.0000000    0.0000000    1.0042378

 ... evaluating constitutive response ......................................

 Piola--Kirchhoff stress       / MPa =
        2.0471        -0.9736         0.2993
       -0.9733         1.5933        -0.0260
        0.2538        -0.0592       436.1651

 ... doing gamma convolution ...............................................

 ... reporting .............................................................

 error divergence =        30.88 (6.74E+06 / m, tol =  2.18E+05)
 error stress BC  =         8.79 (3.83E+06 Pa,  tol =  4.36E+05)

 ===========================================================================
 Increment 11/15-1/1 @ Iteration 1≤1≤100

 deformation gradient aim       =
   0.9985066   -0.0000419    0.0001002
   0.0000000    0.9985708    0.0000772
   0.0000000    0.0000000    1.0042878

 ... evaluating constitutive response ......................................

 Piola--Kirchhoff stress       / MPa =
        0.4822        -0.1869        -0.0253
       -0.1866         0.2458        -0.0587
       -0.0696        -0.0928       439.2566

 ... doing gamma convolution ...............................................

 ... evaluating constitutive response ......................................

 Piola--Kirchhoff stress       / MPa =
        0.2626        -0.0761        -0.0711
       -0.0758         0.0561        -0.0636
       -0.1153        -0.0979       439.6910

 ... doing gamma convolution ...............................................

 ... reporting .............................................................

 error divergence =        25.68 (5.65E+06 / m, tol =  2.20E+05)
 error stress BC  =         0.70 (3.09E+05 Pa,  tol =  4.40E+05)

 ===========================================================================
 Increment 11/15-1/1 @ Iteration 1≤2≤100

 deformation gradient aim       =
   0.9984968   -0.0000352    0.0001026
   0.0000000    0.9985667    0.0000803
   0.0000000    0.0000000    1.0043017

 ... evaluating constitutive response ......................................

 Piola--Kirchhoff stress       / MPa =
        0.5112        -0.1601        -0.0703
       -0.1600         0.3163        -0.0530
       -0.1151        -0.0880       439.1656

 ... doing gamma convolution ...............................................

 ... evaluating constitutive response ......................................

 Piola--Kirchhoff stress       / MPa =
        0.2640        -0.0043        -0.1597
       -0.0043         0.1339        -0.0556
       -0.2047        -0.0913       439.6320

 ... doing gamma convolution ...............................................

 ... reporting .............................................................

 error divergence =        11.96 (2.63E+06 / m, tol =  2.20E+05)
 error stress BC  =         0.84 (3.68E+05 Pa,  tol =  4.40E+05)

 ===========================================================================
 Increment 11/15-1/1 @ Iteration 1≤3≤100

 deformation gradient aim       =
   0.9984866   -0.0000311    0.0001081
   0.0000000    0.9985608    0.0000832
   0.0000000    0.0000000    1.0043177

 ... evaluating constitutive response ......................................

 Piola--Kirchhoff stress       / MPa =
        0.0619        -0.0073        -0.0346
       -0.0072         0.0462        -0.0285
       -0.0806        -0.0647       439.8789

 ... doing gamma convolution ...............................................

 ... evaluating constitutive response ......................................

 Piola--Kirchhoff stress       / MPa =
       -0.0102        -0.0073         0.0139
       -0.0072         0.0451        -0.0131
       -0.0329        -0.0499       439.9317

 ... doing gamma convolution ...............................................

 ... reporting .............................................................

 error divergence =         4.43 (9.74E+05 / m, tol =  2.20E+05)
 error stress BC  =         0.16 (6.83E+04 Pa,  tol =  4.40E+05)

 ===========================================================================
 Increment 11/15-1/1 @ Iteration 1≤4≤100

 deformation gradient aim       =
   0.9984857   -0.0000307    0.0001086
   0.0000000    0.9985595    0.0000842
   0.0000000    0.0000000    1.0043200

 ... evaluating constitutive response ......................................

 Piola--Kirchhoff stress       / MPa =
        0.0144         0.0063        -0.0170
        0.0063         0.0133        -0.0079
       -0.0637        -0.0448       439.9758

 ... doing gamma convolution ...............................................

 ... evaluating constitutive response ......................................

 Piola--Kirchhoff stress       / MPa =
       -0.0004         0.0051        -0.0029
        0.0051         0.0003         0.0002
       -0.0500        -0.0369       440.0078

 ... doing gamma convolution ...............................................

 ... reporting .............................................................

 error divergence =         1.59 (3.50E+05 / m, tol =  2.20E+05)
 error stress BC  =         0.02 (7.82E+03 Pa,  tol =  4.40E+05)

 ===========================================================================
 Increment 11/15-1/1 @ Iteration 1≤5≤100

 deformation gradient aim       =
   0.9984856   -0.0000310    0.0001091
   0.0000000    0.9985593    0.0000844
   0.0000000    0.0000000    1.0043203

 ... evaluating constitutive response ......................................

 Piola--Kirchhoff stress       / MPa =
       -0.0026         0.0008         0.0005
        0.0008         0.0055         0.0011
       -0.0466        -0.0359       439.9965

 ... doing gamma convolution ...............................................

 ... evaluating constitutive response ......................................

 Piola--Kirchhoff stress       / MPa =
       -0.0016         0.0003        -0.0004
        0.0003         0.0029         0.0029
       -0.0475        -0.0342       439.9994

 ... doing gamma convolution ...............................................

 ... reporting .............................................................

 error divergence =         0.56 (1.24E+05 / m, tol =  2.20E+05)
 error stress BC  =         0.01 (2.89E+03 Pa,  tol =  4.40E+05)

 ===========================================================================

 increment 11 converged

 ... saving results ........................................................
 saving solver data required for restart
 saving field and constitutive data required for restart

 ###########################################################################
 Time  8.00000E+02s: Increment 12/15-1/1 of load case 1/1
 Increment 12/15-1/1 @ Iteration 1≤0≤100

 deformation gradient aim       =
   0.9982381   -0.0000034    0.0001445
   0.0000000    0.9983396    0.0001082
   0.0000000    0.0000000    1.0049119

 ... evaluating constitutive response ......................................

 Piola--Kirchhoff stress       / MPa =
        1.8194        -0.3231         0.1818
       -0.3227         1.7410        -0.1746
        0.1130        -0.2269       476.2280

 ... doing gamma convolution ...............................................

 ... reporting .............................................................

 error divergence =        45.51 (1.08E+07 / m, tol =  2.38E+05)
 error stress BC  =         7.92 (3.77E+06 Pa,  tol =  4.76E+05)

 ===========================================================================
 Increment 12/15-1/1 @ Iteration 1≤1≤100

 deformation gradient aim       =
   0.9982115    0.0000057    0.0001402
   0.0000000    0.9983148    0.0001130
   0.0000000    0.0000000    1.0049639

 ... evaluating constitutive response ......................................

 Piola--Kirchhoff stress       / MPa =
        0.6258        -0.0905        -0.0169
       -0.0902         0.5754        -0.0170
       -0.0845        -0.0711       478.7628

 ... doing gamma convolution ...............................................

 ... evaluating constitutive response ......................................

 Piola--Kirchhoff stress       / MPa =
        0.1555         0.0057        -0.0956
        0.0059         0.1198         0.0454
       -0.1627        -0.0094       479.7580

 ... doing gamma convolution ...............................................

 ... reporting .............................................................

 error divergence =        27.60 (6.62E+06 / m, tol =  2.40E+05)
 error stress BC  =         0.50 (2.42E+05 Pa,  tol =  4.80E+05)

 ===========================================================================
 Increment 12/15-1/1 @ Iteration 1≤2≤100

 deformation gradient aim       =
   0.9982004    0.0000082    0.0001428
   0.0000000    0.9983052    0.0001127
   0.0000000    0.0000000    1.0049846

 ... evaluating constitutive response ......................................

 Piola--Kirchhoff stress       / MPa =
        0.5650        -0.1214        -0.0765
       -0.1213         0.4137        -0.0536
       -0.1446        -0.1086       479.0059

 ... doing gamma convolution ...............................................

 ... evaluating constitutive response ......................................

 Piola--Kirchhoff stress       / MPa =
        0.4685        -0.1259        -0.1236
       -0.1259         0.2573        -0.0673
       -0.1919        -0.1228       479.2802

 ... doing gamma convolution ...............................................

 ... reporting .............................................................

 error divergence =        13.38 (3.21E+06 / m, tol =  2.40E+05)
 error stress BC  =         1.50 (7.20E+05 Pa,  tol =  4.79E+05)

 ===========================================================================
 Increment 12/15-1/1 @ Iteration 1≤3≤100

 deformation gradient aim       =
   0.9981860    0.0000149    0.0001477
   0.0000000    0.9982957    0.0001161
   0.0000000    0.0000000    1.0050086

 ... evaluating constitutive response ......................................

 Piola--Kirchhoff stress       / MPa =
        0.1013        -0.0146        -0.0386
       -0.0144         0.0736        -0.0250
       -0.1080        -0.0812       479.8100

 ... doing gamma convolution ...............................................

 ... evaluating constitutive response ......................................

 Piola--Kirchhoff stress       / MPa =
        0.0146         0.0029         0.0026
        0.0030         0.0321        -0.0389
       -0.0678        -0.0956       479.9151

 ... doing gamma convolution ...............................................

 ... reporting .............................................................

 error divergence =         6.83 (1.64E+06 / m, tol =  2.40E+05)
 error stress BC  =         0.18 (8.49E+04 Pa,  tol =  4.80E+05)

 ===========================================================================
 Increment 12/15-1/1 @ Iteration 1≤4≤100

 deformation gradient aim       =
   0.9981841    0.0000153    0.0001486
   0.0000000    0.9982940    0.0001177
   0.0000000    0.0000000    1.0050123

 ... evaluating constitutive response ......................................

 Piola--Kirchhoff stress       / MPa =
        0.0561        -0.0131        -0.0271
       -0.0130         0.0322        -0.0159
       -0.0976        -0.0731       479.9144

 ... doing gamma convolution ...............................................

 ... evaluating constitutive response ......................................

 Piola--Kirchhoff stress       / MPa =
        0.0134        -0.0020        -0.0162
       -0.0020         0.0090        -0.0016
       -0.0872        -0.0591       479.9907

 ... doing gamma convolution ...............................................

 ... reporting .............................................................

 error divergence =         2.63 (6.30E+05 / m, tol =  2.40E+05)
 error stress BC  =         0.03 (1.62E+04 Pa,  tol =  4.80E+05)

 ===========================================================================
 Increment 12/15-1/1 @ Iteration 1≤5≤100

 deformation gradient aim       =
   0.9981832    0.0000157    0.0001496
   0.0000000    0.9982935    0.0001182
   0.0000000    0.0000000    1.0050137

 ... evaluating constitutive response ......................................

 Piola--Kirchhoff stress       / MPa =
        0.0030        -0.0025        -0.0020
       -0.0025         0.0048        -0.0046
       -0.0730        -0.0622       479.9907

 ... doing gamma convolution ...............................................

 ... evaluating constitutive response ......................................

 Piola--Kirchhoff stress       / MPa =
       -0.0000        -0.0041         0.0009
       -0.0040        -0.0000        -0.0005
       -0.0703        -0.0582       480.0000

 ... doing gamma convolution ...............................................

 ... reporting .............................................................

 error divergence =         1.02 (2.45E+05 / m, tol =  2.40E+05)
 error stress BC  =         0.01 (4.05E+03 Pa,  tol =  4.80E+05)

 ===========================================================================
 Increment 12/15-1/1 @ Iteration 1≤6≤100

 deformation gradient aim       =
   0.9981831    0.0000158    0.0001496
   0.0000000    0.9982935    0.0001183
   0.0000000    0.0000000    1.0050138

 ... evaluating constitutive response ......................................

 Piola--Kirchhoff stress       / MPa =
        0.0022         0.0000        -0.0004
        0.0000        -0.0012        -0.0004
       -0.0715        -0.0580       479.9989

 ... doing gamma convolution ...............................................

 ... evaluating constitutive response ......................................

 Piola--Kirchhoff stress       / MPa =
        0.0017         0.0016         0.0013
        0.0016        -0.0025        -0.0001
       -0.0699        -0.0578       479.9992

 ... doing gamma convolution ...............................................

 ... reporting .............................................................

 error divergence =         0.37 (9.00E+04 / m, tol =  2.40E+05)
 error stress BC  =         0.01 (2.52E+03 Pa,  tol =  4.80E+05)

 ===========================================================================

 increment 12 converged

 ... saving results ........................................................
 saving solver data required for restart
 saving field and constitutive data required for restart

 ###########################################################################
 Time  8.66667E+02s: Increment 13/15-1/1 of load case 1/1
 Increment 13/15-1/1 @ Iteration 1≤0≤100

 deformation gradient aim       =
   0.9978805    0.0000626    0.0001902
   0.0000000    0.9980278    0.0001524
   0.0000000    0.0000000    1.0057073

 ... evaluating constitutive response ......................................

 Piola--Kirchhoff stress       / MPa =
        3.1281         0.5977        -0.0422
        0.5975         3.5289        -0.3015
       -0.1420        -0.3831       512.8982

 ... doing gamma convolution ...............................................

 ... reporting .............................................................

 error divergence =        49.56 (1.27E+07 / m, tol =  2.56E+05)
 error stress BC  =        13.85 (7.10E+06 Pa,  tol =  5.13E+05)

 ===========================================================================
 Increment 13/15-1/1 @ Iteration 1≤1≤100

 deformation gradient aim       =
   0.9978300    0.0000451    0.0001914
   0.0000000    0.9979726    0.0001611
   0.0000000    0.0000000    1.0058144

 ... evaluating constitutive response ......................................

 Piola--Kirchhoff stress       / MPa =
        0.5893         0.2520        -0.0345
        0.2523         0.7909        -0.0317
       -0.1347        -0.1156       518.5388

 ... doing gamma convolution ...............................................

 ... evaluating constitutive response ......................................

 Piola--Kirchhoff stress       / MPa =
        0.4345         0.2327        -0.0345
        0.2330         0.6251        -0.0154
       -0.1346        -0.0994       518.8815

 ... doing gamma convolution ...............................................

 ... reporting .............................................................

 error divergence =        40.47 (1.05E+07 / m, tol =  2.59E+05)
 error stress BC  =         2.16 (1.12E+06 Pa,  tol =  5.19E+05)

 ===========================================================================
 Increment 13/15-1/1 @ Iteration 1≤2≤100

 deformation gradient aim       =
   0.9978132    0.0000315    0.0001932
   0.0000000    0.9979509    0.0001625
   0.0000000    0.0000000    1.0058534

 ... evaluating constitutive response ......................................

 Piola--Kirchhoff stress       / MPa =
        0.9509         0.0428        -0.1250
        0.0427         0.9029        -0.0857
       -0.2260        -0.1707       518.1063

 ... doing gamma convolution ...............................................

 ... evaluating constitutive response ......................................

 Piola--Kirchhoff stress       / MPa =
        0.6784        -0.1680        -0.1944
       -0.1683         0.4117        -0.0683
       -0.2961        -0.1546       518.9771

 ... doing gamma convolution ...............................................

 ... reporting .............................................................

 error divergence =        21.87 (5.67E+06 / m, tol =  2.59E+05)
 error stress BC  =         1.97 (1.02E+06 Pa,  tol =  5.19E+05)

 ===========================================================================
 Increment 13/15-1/1 @ Iteration 1≤3≤100

 deformation gradient aim       =
   0.9977886    0.0000343    0.0002010
   0.0000000    0.9979306    0.0001673
   0.0000000    0.0000000    1.0058982

 ... evaluating constitutive response ......................................

 Piola--Kirchhoff stress       / MPa =
        0.2566        -0.0082        -0.0633
       -0.0079         0.2226        -0.0435
       -0.1669        -0.1308       519.4884

 ... doing gamma convolution ...............................................

 ... evaluating constitutive response ......................................

 Piola--Kirchhoff stress       / MPa =
        0.1460         0.0021        -0.0160
        0.0025         0.1495        -0.0561
       -0.1217        -0.1448       519.6158

 ... doing gamma convolution ...............................................

 ... reporting .............................................................

 error divergence =        11.37 (2.95E+06 / m, tol =  2.60E+05)
 error stress BC  =         0.74 (3.84E+05 Pa,  tol =  5.20E+05)

 ===========================================================================
 Increment 13/15-1/1 @ Iteration 1≤4≤100

 deformation gradient aim       =
   0.9977819    0.0000344    0.0002030
   0.0000000    0.9979244    0.0001700
   0.0000000    0.0000000    1.0059115

 ... evaluating constitutive response ......................................

 Piola--Kirchhoff stress       / MPa =
        0.1339        -0.0429        -0.0516
       -0.0428         0.0571        -0.0274
       -0.1577        -0.1167       519.8104

 ... doing gamma convolution ...............................................

 ... evaluating constitutive response ......................................

 Piola--Kirchhoff stress       / MPa =
        0.0602        -0.0303        -0.0345
       -0.0302        -0.0097        -0.0109
       -0.1420        -0.1011       519.9692

 ... doing gamma convolution ...............................................

 ... reporting .............................................................

 error divergence =         5.53 (1.44E+06 / m, tol =  2.60E+05)
 error stress BC  =         0.12 (6.02E+04 Pa,  tol =  5.20E+05)

 ===========================================================================
 Increment 13/15-1/1 @ Iteration 1≤5≤100

 deformation gradient aim       =
   0.9977792    0.0000363    0.0002051
   0.0000000    0.9979237    0.0001712
   0.0000000    0.0000000    1.0059150

 ... evaluating constitutive response ......................................

 Piola--Kirchhoff stress       / MPa =
        0.0253        -0.0113        -0.0086
       -0.0112         0.0183        -0.0101
       -0.1162        -0.1005       519.9530

 ... doing gamma convolution ...............................................

 ... evaluating constitutive response ......................................

 Piola--Kirchhoff stress       / MPa =
       -0.0007        -0.0061         0.0025
       -0.0061         0.0141        -0.0017
       -0.1057        -0.0925       519.9906

 ... doing gamma convolution ...............................................

 ... reporting .............................................................

 error divergence =         2.34 (6.09E+05 / m, tol =  2.60E+05)
 error stress BC  =         0.03 (1.41E+04 Pa,  tol =  5.20E+05)

 ===========================================================================
 Increment 13/15-1/1 @ Iteration 1≤6≤100

 deformation gradient aim       =
   0.9977788    0.0000368    0.0002053
   0.0000000    0.9979232    0.0001715
   0.0000000    0.0000000    1.0059158

 ... evaluating constitutive response ......................................

 Piola--Kirchhoff stress       / MPa =
        0.0094        -0.0067        -0.0018
       -0.0066        -0.0034        -0.0029
       -0.1100        -0.0938       519.9936

 ... doing gamma convolution ...............................................

 ... evaluating constitutive response ......................................

 Piola--Kirchhoff stress       / MPa =
        0.0080        -0.0029         0.0016
       -0.0029        -0.0065        -0.0025
       -0.1066        -0.0934       519.9926

 ... doing gamma convolution ...............................................

 ... reporting .............................................................

 error divergence =         0.97 (2.53E+05 / m, tol =  2.60E+05)
 error stress BC  =         0.02 (8.02E+03 Pa,  tol =  5.20E+05)

 ===========================================================================

 increment 13 converged

 ... saving results ........................................................
 saving solver data required for restart
 saving field and constitutive data required for restart

 ###########################################################################
 Time  9.33333E+02s: Increment 14/15-1/1 of load case 1/1
 Increment 14/15-1/1 @ Iteration 1≤0≤100

 deformation gradient aim       =
   0.9973741    0.0000583    0.0002610
   0.0000000    0.9975530    0.0002249
   0.0000000    0.0000000    1.0068182

 ... evaluating constitutive response ......................................

 Piola--Kirchhoff stress       / MPa =
        3.9390         1.4777        -0.8019
        1.4762         4.3627        -0.3364
       -0.9555        -0.4669       551.0347

 ... doing gamma convolution ...............................................

 ... reporting .............................................................

 error divergence =        60.56 (1.67E+07 / m, tol =  2.76E+05)
 error stress BC  =        16.27 (8.97E+06 Pa,  tol =  5.51E+05)

 ===========================================================================
 Increment 14/15-1/1 @ Iteration 1≤1≤100

 deformation gradient aim       =
   0.9973018    0.0000059    0.0002845
   0.0000000    0.9974744    0.0002363
   0.0000000    0.0000000    1.0069716

 ... evaluating constitutive response ......................................

 Piola--Kirchhoff stress       / MPa =
        0.7434         0.3818        -0.1970
        0.3817         0.9614        -0.1445
       -0.3588        -0.2784       558.1614

 ... doing gamma convolution ...............................................

 ... evaluating constitutive response ......................................

 Piola--Kirchhoff stress       / MPa =
        0.7489         0.3835        -0.1980
        0.3835         0.9673        -0.1450
       -0.3598        -0.2789       558.1490

 ... doing gamma convolution ...............................................

 ... reporting .............................................................

 error divergence =        55.98 (1.56E+07 / m, tol =  2.79E+05)
 error stress BC  =         3.32 (1.85E+06 Pa,  tol =  5.58E+05)

 ===========================================================================
 Increment 14/15-1/1 @ Iteration 1≤2≤100

 deformation gradient aim       =
   0.9972736   -0.0000201    0.0002960
   0.0000000    0.9974402    0.0002447
   0.0000000    0.0000000    1.0070350

 ... evaluating constitutive response ......................................

 Piola--Kirchhoff stress       / MPa =
        1.3994         0.2547        -0.3146
        0.2540         1.3434        -0.1888
       -0.4801        -0.3256       557.1761

 ... doing gamma convolution ...............................................

 ... evaluating constitutive response ......................................

 Piola--Kirchhoff stress       / MPa =
        1.0146        -0.1750        -0.2419
       -0.1758         0.6647        -0.1718
       -0.4135        -0.3123       558.4448

 ... doing gamma convolution ...............................................

 ... reporting .............................................................

 error divergence =        34.56 (9.65E+06 / m, tol =  2.79E+05)
 error stress BC  =         2.78 (1.56E+06 Pa,  tol =  5.58E+05)

 ===========================================================================
 Increment 14/15-1/1 @ Iteration 1≤3≤100

 deformation gradient aim       =
   0.9972329   -0.0000274    0.0003115
   0.0000000    0.9974047    0.0002559
   0.0000000    0.0000000    1.0071112

 ... evaluating constitutive response ......................................

 Piola--Kirchhoff stress       / MPa =
        0.4629         0.0319        -0.1370
        0.0320         0.4001        -0.0817
       -0.3117        -0.2246       559.0794

 ... doing gamma convolution ...............................................

 ... evaluating constitutive response ......................................

 Piola--Kirchhoff stress       / MPa =
        0.2418         0.0747        -0.0929
        0.0753         0.2281        -0.0149
       -0.2751        -0.1633       559.3619

 ... doing gamma convolution ...............................................

 ... reporting .............................................................

 error divergence =        19.27 (5.39E+06 / m, tol =  2.80E+05)
 error stress BC  =         1.14 (6.38E+05 Pa,  tol =  5.59E+05)

 ===========================================================================
 Increment 14/15-1/1 @ Iteration 1≤4≤100

 deformation gradient aim       =
   0.9972198   -0.0000321    0.0003179
   0.0000000    0.9973925    0.0002590
   0.0000000    0.0000000    1.0071373

 ... evaluating constitutive response ......................................

 Piola--Kirchhoff stress       / MPa =
        0.2834        -0.0712        -0.0881
       -0.0709         0.1046        -0.0501
       -0.2718        -0.1987       559.6062

 ... doing gamma convolution ...............................................

 ... evaluating constitutive response ......................................

 Piola--Kirchhoff stress       / MPa =
        0.1960        -0.0915        -0.0596
       -0.0911        -0.0218        -0.0380
       -0.2475        -0.1891       559.8517

 ... doing gamma convolution ...............................................

 ... reporting .............................................................

 error divergence =        10.24 (2.87E+06 / m, tol =  2.80E+05)
 error stress BC  =         0.35 (1.96E+05 Pa,  tol =  5.60E+05)

 ===========================================================================
 Increment 14/15-1/1 @ Iteration 1≤5≤100

 deformation gradient aim       =
   0.9972124   -0.0000281    0.0003217
   0.0000000    0.9973905    0.0002618
   0.0000000    0.0000000    1.0071467

 ... evaluating constitutive response ......................................

 Piola--Kirchhoff stress       / MPa =
        0.0839        -0.0288        -0.0216
       -0.0286         0.0446        -0.0208
       -0.2100        -0.1726       559.8623

 ... doing gamma convolution ...............................................

 ... evaluating constitutive response ......................................

 Piola--Kirchhoff stress       / MPa =
        0.0048        -0.0206         0.0143
       -0.0206         0.0476        -0.0143
       -0.1760        -0.1675       559.9628

 ... doing gamma convolution ...............................................

 ... reporting .............................................................

 error divergence =         5.10 (1.43E+06 / m, tol =  2.80E+05)
 error stress BC  =         0.08 (4.76E+04 Pa,  tol =  5.60E+05)

 ===========================================================================
 Increment 14/15-1/1 @ Iteration 1≤6≤100

 deformation gradient aim       =
   0.9972109   -0.0000269    0.0003219
   0.0000000    0.9973889    0.0002627
   0.0000000    0.0000000    1.0071497

 ... evaluating constitutive response ......................................

 Piola--Kirchhoff stress       / MPa =
        0.0260        -0.0375        -0.0038
       -0.0375         0.0045        -0.0123
       -0.1940        -0.1656       559.9686

 ... doing gamma convolution ...............................................

 ... evaluating constitutive response ......................................

 Piola--Kirchhoff stress       / MPa =
        0.0088        -0.0298        -0.0017
       -0.0299         0.0015        -0.0062
       -0.1923        -0.1601       559.9731

 ... doing gamma convolution ...............................................

 ... reporting .............................................................

 error divergence =         2.30 (6.43E+05 / m, tol =  2.80E+05)
 error stress BC  =         0.05 (2.98E+04 Pa,  tol =  5.60E+05)

 ===========================================================================
 Increment 14/15-1/1 @ Iteration 1≤7≤100

 deformation gradient aim       =
   0.9972103   -0.0000250    0.0003221
   0.0000000    0.9973887    0.0002633
   0.0000000    0.0000000    1.0071506

 ... evaluating constitutive response ......................................

 Piola--Kirchhoff stress       / MPa =
        0.0067        -0.0075         0.0009
       -0.0075         0.0023        -0.0027
       -0.1898        -0.1566       559.9906

 ... doing gamma convolution ...............................................

 ... evaluating constitutive response ......................................

 Piola--Kirchhoff stress       / MPa =
        0.0089         0.0048        -0.0011
        0.0048        -0.0036         0.0008
       -0.1918        -0.1532       559.9974

 ... doing gamma convolution ...............................................

 ... reporting .............................................................

 error divergence =         1.02 (2.86E+05 / m, tol =  2.80E+05)
 error stress BC  =         0.02 (8.88E+03 Pa,  tol =  5.60E+05)

 ===========================================================================
 Increment 14/15-1/1 @ Iteration 1≤8≤100

 deformation gradient aim       =
   0.9972101   -0.0000249    0.0003221
   0.0000000    0.9973887    0.0002633
   0.0000000    0.0000000    1.0071508

 ... evaluating constitutive response ......................................

 Piola--Kirchhoff stress       / MPa =
        0.0057        -0.0046         0.0019
       -0.0046        -0.0003         0.0012
       -0.1888        -0.1528       559.9943

 ... doing gamma convolution ...............................................

 ... evaluating constitutive response ......................................

 Piola--Kirchhoff stress       / MPa =
        0.0040        -0.0037         0.0040
       -0.0037         0.0008         0.0029
       -0.1868        -0.1511       559.9970

 ... doing gamma convolution ...............................................

 ... reporting .............................................................

 error divergence =         0.50 (1.41E+05 / m, tol =  2.80E+05)
 error stress BC  =         0.01 (3.98E+03 Pa,  tol =  5.60E+05)

 ===========================================================================

 increment 14 converged

 ... saving results ........................................................
 saving solver data required for restart
 saving field and constitutive data required for restart

 ###########################################################################
 Time  1.00000E+03s: Increment 15/15-1/1 of load case 1/1
 Increment 15/15-1/1 @ Iteration 1≤0≤100

 deformation gradient aim       =
   0.9966414   -0.0000864    0.0004385
   0.0000000    0.9968541    0.0003549
   0.0000000    0.0000000    1.0083859

 ... evaluating constitutive response ......................................

 Piola--Kirchhoff stress       / MPa =
        7.1511         1.8544        -1.5022
        1.8531         6.9817        -0.5551
       -1.7774        -0.7722       584.6628

 ... doing gamma convolution ...............................................

 ... reporting .............................................................

 error divergence =        62.16 (1.82E+07 / m, tol =  2.92E+05)
 error stress BC  =        26.23 (1.53E+07 Pa,  tol =  5.85E+05)

 ===========================================================================
 Increment 15/15-1/1 @ Iteration 1≤1≤100

 deformation gradient aim       =
   0.9964965   -0.0001732    0.0004902
   0.0000000    0.9967070    0.0003772
   0.0000000    0.0000000    1.0086832

 ... evaluating constitutive response ......................................

 Piola--Kirchhoff stress       / MPa =
       -0.0863         0.2110         0.0559
        0.2138         0.1953        -0.0046
       -0.2388        -0.2312       599.6832

 ... doing gamma convolution ...............................................

 ... evaluating constitutive response ......................................

 Piola--Kirchhoff stress       / MPa =
        1.4924         0.5636        -0.2863
        0.5655         1.6587        -0.1229
       -0.5766        -0.3474       596.4245

 ... doing gamma convolution ...............................................

 ... reporting .............................................................

 error divergence =        70.06 (2.09E+07 / m, tol =  2.98E+05)
 error stress BC  =         5.99 (3.58E+06 Pa,  tol =  5.96E+05)

 ===========================================================================
 Increment 15/15-1/1 @ Iteration 1≤2≤100

 deformation gradient aim       =
   0.9964643   -0.0002041    0.0004994
   0.0000000    0.9966674    0.0003821
   0.0000000    0.0000000    1.0087573

 ... evaluating constitutive response ......................................

 Piola--Kirchhoff stress       / MPa =
        1.8811         0.3165        -0.4454
        0.3163         1.6915        -0.2282
       -0.7441        -0.4575       596.2849

 ... doing gamma convolution ...............................................

 ... evaluating constitutive response ......................................

 Piola--Kirchhoff stress       / MPa =
        1.3574        -0.1284        -0.4050
       -0.1302         0.8878        -0.2620
       -0.7147        -0.4973       598.0153

 ... doing gamma convolution ...............................................

 ... reporting .............................................................

 error divergence =        48.53 (1.45E+07 / m, tol =  2.99E+05)
 error stress BC  =         3.32 (1.98E+06 Pa,  tol =  5.98E+05)

 ===========================================================================
 Increment 15/15-1/1 @ Iteration 1≤3≤100

 deformation gradient aim       =
   0.9964041   -0.0002216    0.0005264
   0.0000000    0.9966149    0.0003986
   0.0000000    0.0000000    1.0088704

 ... evaluating constitutive response ......................................

 Piola--Kirchhoff stress       / MPa =
        0.8507         0.0662        -0.2216
        0.0661         0.7106        -0.1230
       -0.5361        -0.3617       598.3268

 ... doing gamma convolution ...............................................

 ... evaluating constitutive response ......................................

 Piola--Kirchhoff stress       / MPa =
        0.4152         0.0515        -0.0986
        0.0516         0.3804        -0.0281
       -0.4300        -0.2773       598.8787

 ... doing gamma convolution ...............................................

 ... reporting .............................................................

 error divergence =        31.21 (9.35E+06 / m, tol =  2.99E+05)
 error stress BC  =         1.87 (1.12E+06 Pa,  tol =  5.99E+05)

 ===========================================================================
 Increment 15/15-1/1 @ Iteration 1≤4≤100

 deformation gradient aim       =
   0.9963777   -0.0002306    0.0005368
   0.0000000    0.9965902    0.0004042
   0.0000000    0.0000000    1.0089231

 ... evaluating constitutive response ......................................

 Piola--Kirchhoff stress       / MPa =
        0.5131        -0.0672        -0.1396
       -0.0670         0.1939        -0.0473
       -0.4738        -0.2963       599.2728

 ... doing gamma convolution ...............................................

 ... evaluating constitutive response ......................................

 Piola--Kirchhoff stress       / MPa =
        0.3810        -0.0750        -0.0841
       -0.0740        -0.0387         0.0154
       -0.4297        -0.2392       599.6569

 ... doing gamma convolution ...............................................

 ... reporting .............................................................

 error divergence =        18.53 (5.56E+06 / m, tol =  3.00E+05)
 error stress BC  =         0.64 (3.81E+05 Pa,  tol =  6.00E+05)

 ===========================================================================
 Increment 15/15-1/1 @ Iteration 1≤5≤100

 deformation gradient aim       =
   0.9963624   -0.0002286    0.0005434
   0.0000000    0.9965850    0.0004060
   0.0000000    0.0000000    1.0089438

 ... evaluating constitutive response ......................................

 Piola--Kirchhoff stress       / MPa =
        0.2065        -0.0241        -0.0351
       -0.0235         0.0779        -0.0092
       -0.3819        -0.2652       599.6929

 ... doing gamma convolution ...............................................

 ... evaluating constitutive response ......................................

 Piola--Kirchhoff stress       / MPa =
        0.0594        -0.0123         0.0121
       -0.0119         0.0790        -0.0203
       -0.3407        -0.2794       599.9189

 ... doing gamma convolution ...............................................

 ... reporting .............................................................

 error divergence =         9.88 (2.97E+06 / m, tol =  3.00E+05)
 error stress BC  =         0.14 (8.11E+04 Pa,  tol =  6.00E+05)

 ===========================================================================
 Increment 15/15-1/1 @ Iteration 1≤6≤100

 deformation gradient aim       =
   0.9963578   -0.0002282    0.0005443
   0.0000000    0.9965818    0.0004071
   0.0000000    0.0000000    1.0089515

 ... evaluating constitutive response ......................................

 Piola--Kirchhoff stress       / MPa =
        0.0745        -0.0622        -0.0058
       -0.0620         0.0087        -0.0264
       -0.3586        -0.2857       599.9097

 ... doing gamma convolution ...............................................

 ... evaluating constitutive response ......................................

 Piola--Kirchhoff stress       / MPa =
        0.0187        -0.0810         0.0026
       -0.0812         0.0038        -0.0430
       -0.3521        -0.3037       599.9306

 ... doing gamma convolution ...............................................

 ... reporting .............................................................

 error divergence =         5.01 (1.50E+06 / m, tol =  3.00E+05)
 error stress BC  =         0.13 (8.10E+04 Pa,  tol =  6.00E+05)

 ===========================================================================
 Increment 15/15-1/1 @ Iteration 1≤7≤100

 deformation gradient aim       =
   0.9963560   -0.0002241    0.0005443
   0.0000000    0.9965811    0.0004091
   0.0000000    0.0000000    1.0089542

 ... evaluating constitutive response ......................................

 Piola--Kirchhoff stress       / MPa =
        0.0129        -0.0263        -0.0020
       -0.0263         0.0102        -0.0136
       -0.3566        -0.2746       599.9761

 ... doing gamma convolution ...............................................

 ... evaluating constitutive response ......................................

 Piola--Kirchhoff stress       / MPa =
        0.0079        -0.0008        -0.0099
       -0.0007         0.0032         0.0026
       -0.3651        -0.2590       599.9953

 ... doing gamma convolution ...............................................

 ... reporting .............................................................

 error divergence =         2.61 (7.84E+05 / m, tol =  3.00E+05)
 error stress BC  =         0.02 (9.88E+03 Pa,  tol =  6.00E+05)

 ===========================================================================
 Increment 15/15-1/1 @ Iteration 1≤8≤100

 deformation gradient aim       =
   0.9963557   -0.0002234    0.0005447
   0.0000000    0.9965808    0.0004094
   0.0000000    0.0000000    1.0089547

 ... evaluating constitutive response ......................................

 Piola--Kirchhoff stress       / MPa =
        0.0123        -0.0178         0.0017
       -0.0178         0.0006        -0.0042
       -0.3535        -0.2658       599.9864

 ... doing gamma convolution ...............................................

 ... evaluating constitutive response ......................................

 Piola--Kirchhoff stress       / MPa =
        0.0133        -0.0112         0.0066
       -0.0112        -0.0018         0.0017
       -0.3487        -0.2601       599.9948

 ... doing gamma convolution ...............................................

 ... reporting .............................................................

 error divergence =         1.26 (3.79E+05 / m, tol =  3.00E+05)
 error stress BC  =         0.02 (1.33E+04 Pa,  tol =  6.00E+05)

 ===========================================================================
 Increment 15/15-1/1 @ Iteration 1≤9≤100

 deformation gradient aim       =
   0.9963553   -0.0002225    0.0005444
   0.0000000    0.9965808    0.0004095
   0.0000000    0.0000000    1.0089551

 ... evaluating constitutive response ......................................

 Piola--Kirchhoff stress       / MPa =
        0.0065        -0.0016         0.0000
       -0.0016        -0.0034        -0.0003
       -0.3553        -0.2622       599.9962

 ... doing gamma convolution ...............................................

 ... evaluating constitutive response ......................................

 Piola--Kirchhoff stress       / MPa =
        0.0011         0.0040        -0.0010
        0.0040        -0.0068        -0.0025
       -0.3563        -0.2645       599.9984

 ... doing gamma convolution ...............................................

 ... reporting .............................................................

 error divergence =         0.74 (2.21E+05 / m, tol =  3.00E+05)
 error stress BC  =         0.01 (6.75E+03 Pa,  tol =  6.00E+05)

 ===========================================================================

 increment 15 converged

 ... saving results ........................................................
 saving solver data required for restart
 saving field and constitutive data required for restart
Note: The following floating-point exceptions are signalling: IEEE_UNDERFLOW_FLAG IEEE_DENORMAL IEEE_INEXACT_FLAG
STOP 0

 ###########################################################################

 DAMASK terminated on:
 Date:               14/11/2025
 Time:               23:09:39
